This is pdfTeX, Version 3.14159265-2.6-1.40.21 (MiKTeX 2.9.7400 64-bit) (preloaded format=pdflatex 2020.5.13)  23 MAY 2020 15:28
entering extended mode
**./Guia_GEE_Explorer.tex
(Guia_GEE_Explorer.tex
LaTeX2e <2020-02-02> patch level 5
L3 programming layer <2020-04-06>
("C:\Users\Edier Aristizabal\AppData\Local\Programs\MiKTeX 2.9\tex/latex/base\a
rticle.cls"
Document Class: article 2019/12/20 v1.4l Standard LaTeX document class

("C:\Users\Edier Aristizabal\AppData\Local\Programs\MiKTeX 2.9\tex/latex/base\s
ize11.clo"
File: size11.clo 2019/12/20 v1.4l Standard LaTeX file (size option)
)
\c@part=\count167
\c@section=\count168
\c@subsection=\count169
\c@subsubsection=\count170
\c@paragraph=\count171
\c@subparagraph=\count172
\c@figure=\count173
\c@table=\count174
\abovecaptionskip=\skip47
\belowcaptionskip=\skip48
\bibindent=\dimen134
)
("C:\Users\Edier Aristizabal\AppData\Local\Programs\MiKTeX 2.9\tex/generic/babe
l\babel.sty"
Package: babel 2020/03/22 3.42 The Babel package

("C:\Users\Edier Aristizabal\AppData\Local\Programs\MiKTeX 2.9\tex/generic/babe
l\switch.def"
File: switch.def 2020/03/22 3.42 Babel switching mechanism
)
*************************************
* Local config file bblopts.cfg used
*

("C:\Users\Edier Aristizabal\AppData\Local\Programs\MiKTeX 2.9\tex/latex/arabi\
bblopts.cfg"
File: bblopts.cfg 2005/09/08 v0.1 add Arabic and Farsi to "declared" options of
 babel
)
("C:\Users\Edier Aristizabal\AppData\Local\Programs\MiKTeX 2.9\tex/latex/babel-
spanish\spanish.ldf"
Language: spanish.ldf 2016/03/03 v5.0p Spanish support from the babel system

("C:\Users\Edier Aristizabal\AppData\Local\Programs\MiKTeX 2.9\tex/generic/babe
l\babel.def"
File: babel.def 2020/03/22 3.42 Babel common definitions
\babel@savecnt=\count175
\U@D=\dimen135

("C:\Users\Edier Aristizabal\AppData\Local\Programs\MiKTeX 2.9\tex/generic/babe
l\txtbabel.def")
\bbl@readstream=\read2
\bbl@dirlevel=\count176
)
\es@quottoks=\toks15
\es@quotdepth=\count177
Package babel Info: Making " an active character on input line 561.
Package babel Info: Making . an active character on input line 662.
Package babel Info: Making < an active character on input line 707.
Package babel Info: Making > an active character on input line 707.
))
("C:\Users\Edier Aristizabal\AppData\Local\Programs\MiKTeX 2.9\tex/latex/graphi
cs\graphicx.sty"
Package: graphicx 2019/11/30 v1.2a Enhanced LaTeX Graphics (DPC,SPQR)

("C:\Users\Edier Aristizabal\AppData\Local\Programs\MiKTeX 2.9\tex/latex/graphi
cs\keyval.sty"
Package: keyval 2014/10/28 v1.15 key=value parser (DPC)
\KV@toks@=\toks16
)
("C:\Users\Edier Aristizabal\AppData\Local\Programs\MiKTeX 2.9\tex/latex/graphi
cs\graphics.sty"
Package: graphics 2019/11/30 v1.4a Standard LaTeX Graphics (DPC,SPQR)

("C:\Users\Edier Aristizabal\AppData\Local\Programs\MiKTeX 2.9\tex/latex/graphi
cs\trig.sty"
Package: trig 2016/01/03 v1.10 sin cos tan (DPC)
)
("C:\Users\Edier Aristizabal\AppData\Local\Programs\MiKTeX 2.9\tex/latex/graphi
cs-cfg\graphics.cfg"
File: graphics.cfg 2016/06/04 v1.11 sample graphics configuration
)
Package graphics Info: Driver file: pdftex.def on input line 105.

("C:\Users\Edier Aristizabal\AppData\Local\Programs\MiKTeX 2.9\tex/latex/graphi
cs-def\pdftex.def"
File: pdftex.def 2018/01/08 v1.0l Graphics/color driver for pdftex
))
\Gin@req@height=\dimen136
\Gin@req@width=\dimen137
)
("C:\Users\Edier Aristizabal\AppData\Local\Programs\MiKTeX 2.9\tex/latex/float\
float.sty"
Package: float 2001/11/08 v1.3d Float enhancements (AL)
\c@float@type=\count178
\float@exts=\toks17
\float@box=\box45
\@float@everytoks=\toks18
\@floatcapt=\box46
)
("C:\Users\Edier Aristizabal\AppData\Local\Programs\MiKTeX 2.9\tex/latex/tcolor
box\tcolorbox.sty"
Package: tcolorbox 2019/11/15 version 4.22 text color boxes

("C:\Users\Edier Aristizabal\AppData\Local\Programs\MiKTeX 2.9\tex/latex/pgf/ba
siclayer\pgf.sty"
("C:\Users\Edier Aristizabal\AppData\Local\Programs\MiKTeX 2.9\tex/latex/pgf/ut
ilities\pgfrcs.sty"
("C:\Users\Edier Aristizabal\AppData\Local\Programs\MiKTeX 2.9\tex/generic/pgf/
utilities\pgfutil-common.tex"
\pgfutil@everybye=\toks19
\pgfutil@tempdima=\dimen138
\pgfutil@tempdimb=\dimen139

("C:\Users\Edier Aristizabal\AppData\Local\Programs\MiKTeX 2.9\tex/generic/pgf/
utilities\pgfutil-common-lists.tex"))
("C:\Users\Edier Aristizabal\AppData\Local\Programs\MiKTeX 2.9\tex/generic/pgf/
utilities\pgfutil-latex.def"
\pgfutil@abb=\box47

("C:\Users\Edier Aristizabal\AppData\Local\Programs\MiKTeX 2.9\tex/latex/ms\eve
ryshi.sty"
Package: everyshi 2001/05/15 v3.00 EveryShipout Package (MS)
))
("C:\Users\Edier Aristizabal\AppData\Local\Programs\MiKTeX 2.9\tex/generic/pgf/
utilities\pgfrcs.code.tex"
("C:\Users\Edier Aristizabal\AppData\Local\Programs\MiKTeX 2.9\tex/generic/pgf\
pgf.revision.tex")
Package: pgfrcs 2020/01/08 v3.1.5b (3.1.5b)
))
Package: pgf 2020/01/08 v3.1.5b (3.1.5b)

("C:\Users\Edier Aristizabal\AppData\Local\Programs\MiKTeX 2.9\tex/latex/pgf/ba
siclayer\pgfcore.sty"
("C:\Users\Edier Aristizabal\AppData\Local\Programs\MiKTeX 2.9\tex/latex/pgf/sy
stemlayer\pgfsys.sty"
("C:\Users\Edier Aristizabal\AppData\Local\Programs\MiKTeX 2.9\tex/generic/pgf/
systemlayer\pgfsys.code.tex"
Package: pgfsys 2020/01/08 v3.1.5b (3.1.5b)

("C:\Users\Edier Aristizabal\AppData\Local\Programs\MiKTeX 2.9\tex/generic/pgf/
utilities\pgfkeys.code.tex"
\pgfkeys@pathtoks=\toks20
\pgfkeys@temptoks=\toks21

("C:\Users\Edier Aristizabal\AppData\Local\Programs\MiKTeX 2.9\tex/generic/pgf/
utilities\pgfkeysfiltered.code.tex"
\pgfkeys@tmptoks=\toks22
))
\pgf@x=\dimen140
\pgf@y=\dimen141
\pgf@xa=\dimen142
\pgf@ya=\dimen143
\pgf@xb=\dimen144
\pgf@yb=\dimen145
\pgf@xc=\dimen146
\pgf@yc=\dimen147
\pgf@xd=\dimen148
\pgf@yd=\dimen149
\w@pgf@writea=\write3
\r@pgf@reada=\read3
\c@pgf@counta=\count179
\c@pgf@countb=\count180
\c@pgf@countc=\count181
\c@pgf@countd=\count182
\t@pgf@toka=\toks23
\t@pgf@tokb=\toks24
\t@pgf@tokc=\toks25
\pgf@sys@id@count=\count183

("C:\Users\Edier Aristizabal\AppData\Local\Programs\MiKTeX 2.9\tex/generic/pgf/
systemlayer\pgf.cfg"
File: pgf.cfg 2020/01/08 v3.1.5b (3.1.5b)
)
Driver file for pgf: pgfsys-pdftex.def

("C:\Users\Edier Aristizabal\AppData\Local\Programs\MiKTeX 2.9\tex/generic/pgf/
systemlayer\pgfsys-pdftex.def"
File: pgfsys-pdftex.def 2020/01/08 v3.1.5b (3.1.5b)

("C:\Users\Edier Aristizabal\AppData\Local\Programs\MiKTeX 2.9\tex/generic/pgf/
systemlayer\pgfsys-common-pdf.def"
File: pgfsys-common-pdf.def 2020/01/08 v3.1.5b (3.1.5b)
)))
("C:\Users\Edier Aristizabal\AppData\Local\Programs\MiKTeX 2.9\tex/generic/pgf/
systemlayer\pgfsyssoftpath.code.tex"
File: pgfsyssoftpath.code.tex 2020/01/08 v3.1.5b (3.1.5b)
\pgfsyssoftpath@smallbuffer@items=\count184
\pgfsyssoftpath@bigbuffer@items=\count185
)
("C:\Users\Edier Aristizabal\AppData\Local\Programs\MiKTeX 2.9\tex/generic/pgf/
systemlayer\pgfsysprotocol.code.tex"
File: pgfsysprotocol.code.tex 2020/01/08 v3.1.5b (3.1.5b)
))
("C:\Users\Edier Aristizabal\AppData\Local\Programs\MiKTeX 2.9\tex/latex/xcolor
\xcolor.sty"
Package: xcolor 2016/05/11 v2.12 LaTeX color extensions (UK)

("C:\Users\Edier Aristizabal\AppData\Local\Programs\MiKTeX 2.9\tex/latex/graphi
cs-cfg\color.cfg"
File: color.cfg 2016/01/02 v1.6 sample color configuration
)
Package xcolor Info: Driver file: pdftex.def on input line 225.
Package xcolor Info: Model `cmy' substituted by `cmy0' on input line 1348.
Package xcolor Info: Model `hsb' substituted by `rgb' on input line 1352.
Package xcolor Info: Model `RGB' extended on input line 1364.
Package xcolor Info: Model `HTML' substituted by `rgb' on input line 1366.
Package xcolor Info: Model `Hsb' substituted by `hsb' on input line 1367.
Package xcolor Info: Model `tHsb' substituted by `hsb' on input line 1368.
Package xcolor Info: Model `HSB' substituted by `hsb' on input line 1369.
Package xcolor Info: Model `Gray' substituted by `gray' on input line 1370.
Package xcolor Info: Model `wave' substituted by `hsb' on input line 1371.
)
("C:\Users\Edier Aristizabal\AppData\Local\Programs\MiKTeX 2.9\tex/generic/pgf/
basiclayer\pgfcore.code.tex"
Package: pgfcore 2020/01/08 v3.1.5b (3.1.5b)

("C:\Users\Edier Aristizabal\AppData\Local\Programs\MiKTeX 2.9\tex/generic/pgf/
math\pgfmath.code.tex"
("C:\Users\Edier Aristizabal\AppData\Local\Programs\MiKTeX 2.9\tex/generic/pgf/
math\pgfmathcalc.code.tex"
("C:\Users\Edier Aristizabal\AppData\Local\Programs\MiKTeX 2.9\tex/generic/pgf/
math\pgfmathutil.code.tex")
("C:\Users\Edier Aristizabal\AppData\Local\Programs\MiKTeX 2.9\tex/generic/pgf/
math\pgfmathparser.code.tex"
\pgfmath@dimen=\dimen150
\pgfmath@count=\count186
\pgfmath@box=\box48
\pgfmath@toks=\toks26
\pgfmath@stack@operand=\toks27
\pgfmath@stack@operation=\toks28
)
("C:\Users\Edier Aristizabal\AppData\Local\Programs\MiKTeX 2.9\tex/generic/pgf/
math\pgfmathfunctions.code.tex"
("C:\Users\Edier Aristizabal\AppData\Local\Programs\MiKTeX 2.9\tex/generic/pgf/
math\pgfmathfunctions.basic.code.tex")
("C:\Users\Edier Aristizabal\AppData\Local\Programs\MiKTeX 2.9\tex/generic/pgf/
math\pgfmathfunctions.trigonometric.code.tex")
("C:\Users\Edier Aristizabal\AppData\Local\Programs\MiKTeX 2.9\tex/generic/pgf/
math\pgfmathfunctions.random.code.tex")
("C:\Users\Edier Aristizabal\AppData\Local\Programs\MiKTeX 2.9\tex/generic/pgf/
math\pgfmathfunctions.comparison.code.tex")
("C:\Users\Edier Aristizabal\AppData\Local\Programs\MiKTeX 2.9\tex/generic/pgf/
math\pgfmathfunctions.base.code.tex")
("C:\Users\Edier Aristizabal\AppData\Local\Programs\MiKTeX 2.9\tex/generic/pgf/
math\pgfmathfunctions.round.code.tex")
("C:\Users\Edier Aristizabal\AppData\Local\Programs\MiKTeX 2.9\tex/generic/pgf/
math\pgfmathfunctions.misc.code.tex")
("C:\Users\Edier Aristizabal\AppData\Local\Programs\MiKTeX 2.9\tex/generic/pgf/
math\pgfmathfunctions.integerarithmetics.code.tex")))
("C:\Users\Edier Aristizabal\AppData\Local\Programs\MiKTeX 2.9\tex/generic/pgf/
math\pgfmathfloat.code.tex"
\c@pgfmathroundto@lastzeros=\count187
))
("C:\Users\Edier Aristizabal\AppData\Local\Programs\MiKTeX 2.9\tex/generic/pgf/
math\pgfint.code.tex")
("C:\Users\Edier Aristizabal\AppData\Local\Programs\MiKTeX 2.9\tex/generic/pgf/
basiclayer\pgfcorepoints.code.tex"
File: pgfcorepoints.code.tex 2020/01/08 v3.1.5b (3.1.5b)
\pgf@picminx=\dimen151
\pgf@picmaxx=\dimen152
\pgf@picminy=\dimen153
\pgf@picmaxy=\dimen154
\pgf@pathminx=\dimen155
\pgf@pathmaxx=\dimen156
\pgf@pathminy=\dimen157
\pgf@pathmaxy=\dimen158
\pgf@xx=\dimen159
\pgf@xy=\dimen160
\pgf@yx=\dimen161
\pgf@yy=\dimen162
\pgf@zx=\dimen163
\pgf@zy=\dimen164
)
("C:\Users\Edier Aristizabal\AppData\Local\Programs\MiKTeX 2.9\tex/generic/pgf/
basiclayer\pgfcorepathconstruct.code.tex"
File: pgfcorepathconstruct.code.tex 2020/01/08 v3.1.5b (3.1.5b)
\pgf@path@lastx=\dimen165
\pgf@path@lasty=\dimen166
)
("C:\Users\Edier Aristizabal\AppData\Local\Programs\MiKTeX 2.9\tex/generic/pgf/
basiclayer\pgfcorepathusage.code.tex"
File: pgfcorepathusage.code.tex 2020/01/08 v3.1.5b (3.1.5b)
\pgf@shorten@end@additional=\dimen167
\pgf@shorten@start@additional=\dimen168
)
("C:\Users\Edier Aristizabal\AppData\Local\Programs\MiKTeX 2.9\tex/generic/pgf/
basiclayer\pgfcorescopes.code.tex"
File: pgfcorescopes.code.tex 2020/01/08 v3.1.5b (3.1.5b)
\pgfpic=\box49
\pgf@hbox=\box50
\pgf@layerbox@main=\box51
\pgf@picture@serial@count=\count188
)
("C:\Users\Edier Aristizabal\AppData\Local\Programs\MiKTeX 2.9\tex/generic/pgf/
basiclayer\pgfcoregraphicstate.code.tex"
File: pgfcoregraphicstate.code.tex 2020/01/08 v3.1.5b (3.1.5b)
\pgflinewidth=\dimen169
)
("C:\Users\Edier Aristizabal\AppData\Local\Programs\MiKTeX 2.9\tex/generic/pgf/
basiclayer\pgfcoretransformations.code.tex"
File: pgfcoretransformations.code.tex 2020/01/08 v3.1.5b (3.1.5b)
\pgf@pt@x=\dimen170
\pgf@pt@y=\dimen171
\pgf@pt@temp=\dimen172
)
("C:\Users\Edier Aristizabal\AppData\Local\Programs\MiKTeX 2.9\tex/generic/pgf/
basiclayer\pgfcorequick.code.tex"
File: pgfcorequick.code.tex 2020/01/08 v3.1.5b (3.1.5b)
)
("C:\Users\Edier Aristizabal\AppData\Local\Programs\MiKTeX 2.9\tex/generic/pgf/
basiclayer\pgfcoreobjects.code.tex"
File: pgfcoreobjects.code.tex 2020/01/08 v3.1.5b (3.1.5b)
)
("C:\Users\Edier Aristizabal\AppData\Local\Programs\MiKTeX 2.9\tex/generic/pgf/
basiclayer\pgfcorepathprocessing.code.tex"
File: pgfcorepathprocessing.code.tex 2020/01/08 v3.1.5b (3.1.5b)
)
("C:\Users\Edier Aristizabal\AppData\Local\Programs\MiKTeX 2.9\tex/generic/pgf/
basiclayer\pgfcorearrows.code.tex"
File: pgfcorearrows.code.tex 2020/01/08 v3.1.5b (3.1.5b)
\pgfarrowsep=\dimen173
)
("C:\Users\Edier Aristizabal\AppData\Local\Programs\MiKTeX 2.9\tex/generic/pgf/
basiclayer\pgfcoreshade.code.tex"
File: pgfcoreshade.code.tex 2020/01/08 v3.1.5b (3.1.5b)
\pgf@max=\dimen174
\pgf@sys@shading@range@num=\count189
\pgf@shadingcount=\count190
)
("C:\Users\Edier Aristizabal\AppData\Local\Programs\MiKTeX 2.9\tex/generic/pgf/
basiclayer\pgfcoreimage.code.tex"
File: pgfcoreimage.code.tex 2020/01/08 v3.1.5b (3.1.5b)

("C:\Users\Edier Aristizabal\AppData\Local\Programs\MiKTeX 2.9\tex/generic/pgf/
basiclayer\pgfcoreexternal.code.tex"
File: pgfcoreexternal.code.tex 2020/01/08 v3.1.5b (3.1.5b)
\pgfexternal@startupbox=\box52
))
("C:\Users\Edier Aristizabal\AppData\Local\Programs\MiKTeX 2.9\tex/generic/pgf/
basiclayer\pgfcorelayers.code.tex"
File: pgfcorelayers.code.tex 2020/01/08 v3.1.5b (3.1.5b)
)
("C:\Users\Edier Aristizabal\AppData\Local\Programs\MiKTeX 2.9\tex/generic/pgf/
basiclayer\pgfcoretransparency.code.tex"
File: pgfcoretransparency.code.tex 2020/01/08 v3.1.5b (3.1.5b)
)
("C:\Users\Edier Aristizabal\AppData\Local\Programs\MiKTeX 2.9\tex/generic/pgf/
basiclayer\pgfcorepatterns.code.tex"
File: pgfcorepatterns.code.tex 2020/01/08 v3.1.5b (3.1.5b)
)
("C:\Users\Edier Aristizabal\AppData\Local\Programs\MiKTeX 2.9\tex/generic/pgf/
basiclayer\pgfcorerdf.code.tex"
File: pgfcorerdf.code.tex 2020/01/08 v3.1.5b (3.1.5b)
)))
("C:\Users\Edier Aristizabal\AppData\Local\Programs\MiKTeX 2.9\tex/generic/pgf/
modules\pgfmoduleshapes.code.tex"
File: pgfmoduleshapes.code.tex 2020/01/08 v3.1.5b (3.1.5b)
\pgfnodeparttextbox=\box53
)
("C:\Users\Edier Aristizabal\AppData\Local\Programs\MiKTeX 2.9\tex/generic/pgf/
modules\pgfmoduleplot.code.tex"
File: pgfmoduleplot.code.tex 2020/01/08 v3.1.5b (3.1.5b)
)
("C:\Users\Edier Aristizabal\AppData\Local\Programs\MiKTeX 2.9\tex/latex/pgf/co
mpatibility\pgfcomp-version-0-65.sty"
Package: pgfcomp-version-0-65 2020/01/08 v3.1.5b (3.1.5b)
\pgf@nodesepstart=\dimen175
\pgf@nodesepend=\dimen176
)
("C:\Users\Edier Aristizabal\AppData\Local\Programs\MiKTeX 2.9\tex/latex/pgf/co
mpatibility\pgfcomp-version-1-18.sty"
Package: pgfcomp-version-1-18 2020/01/08 v3.1.5b (3.1.5b)
))
("C:\Users\Edier Aristizabal\AppData\Local\Programs\MiKTeX 2.9\tex/latex/tools\
verbatim.sty"
Package: verbatim 2019/11/10 v1.5r LaTeX2e package for verbatim enhancements
\every@verbatim=\toks29
\verbatim@line=\toks30
\verbatim@in@stream=\read4
)
("C:\Users\Edier Aristizabal\AppData\Local\Programs\MiKTeX 2.9\tex/latex/enviro
n\environ.sty"
Package: environ 2014/05/04 v0.3 A new way to define environments

("C:\Users\Edier Aristizabal\AppData\Local\Programs\MiKTeX 2.9\tex/latex/trimsp
aces\trimspaces.sty"
Package: trimspaces 2009/09/17 v1.1 Trim spaces around a token list
)
\@envbody=\toks31
)
("C:\Users\Edier Aristizabal\AppData\Local\Programs\MiKTeX 2.9\tex/latex/etoolb
ox\etoolbox.sty"
Package: etoolbox 2019/09/21 v2.5h e-TeX tools for LaTeX (JAW)
\etb@tempcnta=\count191
)
\tcb@titlebox=\box54
\tcb@upperbox=\box55
\tcb@lowerbox=\box56
\tcb@phantombox=\box57
\c@tcbbreakpart=\count192
\c@tcblayer=\count193
\tcolorbox@number=\count194
\tcb@temp=\box58
\tcb@temp=\box59
\tcb@temp=\box60
\tcb@temp=\box61
\tcb@out=\write4
\tcb@record@out=\write5

("C:\Users\Edier Aristizabal\AppData\Local\Programs\MiKTeX 2.9\tex/latex/tcolor
box\tcbskins.code.tex"
Library (tcolorbox): 'tcbskins.code.tex' version '4.22'

("C:\Users\Edier Aristizabal\AppData\Local\Programs\MiKTeX 2.9\tex/latex/pgf/fr
ontendlayer\tikz.sty"
("C:\Users\Edier Aristizabal\AppData\Local\Programs\MiKTeX 2.9\tex/latex/pgf/ut
ilities\pgffor.sty"
("C:\Users\Edier Aristizabal\AppData\Local\Programs\MiKTeX 2.9\tex/latex/pgf/ut
ilities\pgfkeys.sty"
("C:\Users\Edier Aristizabal\AppData\Local\Programs\MiKTeX 2.9\tex/generic/pgf/
utilities\pgfkeys.code.tex"))
("C:\Users\Edier Aristizabal\AppData\Local\Programs\MiKTeX 2.9\tex/latex/pgf/ma
th\pgfmath.sty"
("C:\Users\Edier Aristizabal\AppData\Local\Programs\MiKTeX 2.9\tex/generic/pgf/
math\pgfmath.code.tex"))
("C:\Users\Edier Aristizabal\AppData\Local\Programs\MiKTeX 2.9\tex/generic/pgf/
utilities\pgffor.code.tex"
Package: pgffor 2020/01/08 v3.1.5b (3.1.5b)

("C:\Users\Edier Aristizabal\AppData\Local\Programs\MiKTeX 2.9\tex/generic/pgf/
math\pgfmath.code.tex")
\pgffor@iter=\dimen177
\pgffor@skip=\dimen178
\pgffor@stack=\toks32
\pgffor@toks=\toks33
))
("C:\Users\Edier Aristizabal\AppData\Local\Programs\MiKTeX 2.9\tex/generic/pgf/
frontendlayer/tikz\tikz.code.tex"
Package: tikz 2020/01/08 v3.1.5b (3.1.5b)

("C:\Users\Edier Aristizabal\AppData\Local\Programs\MiKTeX 2.9\tex/generic/pgf/
libraries\pgflibraryplothandlers.code.tex"
File: pgflibraryplothandlers.code.tex 2020/01/08 v3.1.5b (3.1.5b)
\pgf@plot@mark@count=\count195
\pgfplotmarksize=\dimen179
)
\tikz@lastx=\dimen180
\tikz@lasty=\dimen181
\tikz@lastxsaved=\dimen182
\tikz@lastysaved=\dimen183
\tikz@lastmovetox=\dimen184
\tikz@lastmovetoy=\dimen185
\tikzleveldistance=\dimen186
\tikzsiblingdistance=\dimen187
\tikz@figbox=\box62
\tikz@figbox@bg=\box63
\tikz@tempbox=\box64
\tikz@tempbox@bg=\box65
\tikztreelevel=\count196
\tikznumberofchildren=\count197
\tikznumberofcurrentchild=\count198
\tikz@fig@count=\count199

("C:\Users\Edier Aristizabal\AppData\Local\Programs\MiKTeX 2.9\tex/generic/pgf/
modules\pgfmodulematrix.code.tex"
File: pgfmodulematrix.code.tex 2020/01/08 v3.1.5b (3.1.5b)
\pgfmatrixcurrentrow=\count266
\pgfmatrixcurrentcolumn=\count267
\pgf@matrix@numberofcolumns=\count268
)
\tikz@expandcount=\count269

("C:\Users\Edier Aristizabal\AppData\Local\Programs\MiKTeX 2.9\tex/generic/pgf/
frontendlayer/tikz/libraries\tikzlibrarytopaths.code.tex"
File: tikzlibrarytopaths.code.tex 2020/01/08 v3.1.5b (3.1.5b)
)))
\tcb@waterbox=\box66

("C:\Users\Edier Aristizabal\AppData\Local\Programs\MiKTeX 2.9\tex/latex/tcolor
box\tcbskinsjigsaw.code.tex"
Library (tcolorbox): 'tcbskinsjigsaw.code.tex' version '4.22'
)))
("C:\Users\Edier Aristizabal\AppData\Local\Programs\MiKTeX 2.9\tex/latex/titlep
ic\titlepic.sty"
Package: titlepic 2017/03/14 1.2 Package to display a picture on the title page

)
("C:\Users\Edier Aristizabal\AppData\Local\Programs\MiKTeX 2.9\tex/latex/hyperr
ef\hyperref.sty"
Package: hyperref 2020/01/14 v7.00d Hypertext links for LaTeX

("C:\Users\Edier Aristizabal\AppData\Local\Programs\MiKTeX 2.9\tex/generic/ltxc
mds\ltxcmds.sty"
Package: ltxcmds 2019/12/15 v1.24 LaTeX kernel commands for general use (HO)
)
("C:\Users\Edier Aristizabal\AppData\Local\Programs\MiKTeX 2.9\tex/generic/ifte
x\iftex.sty"
Package: iftex 2020/03/06 v1.0d TeX engine tests
)
("C:\Users\Edier Aristizabal\AppData\Local\Programs\MiKTeX 2.9\tex/latex/pdftex
cmds\pdftexcmds.sty"
Package: pdftexcmds 2019/11/24 v0.31 Utility functions of pdfTeX for LuaTeX (HO
)

("C:\Users\Edier Aristizabal\AppData\Local\Programs\MiKTeX 2.9\tex/generic/infw
arerr\infwarerr.sty"
Package: infwarerr 2019/12/03 v1.5 Providing info/warning/error messages (HO)
)
Package pdftexcmds Info: \pdf@primitive is available.
Package pdftexcmds Info: \pdf@ifprimitive is available.
Package pdftexcmds Info: \pdfdraftmode found.
)
("C:\Users\Edier Aristizabal\AppData\Local\Programs\MiKTeX 2.9\tex/generic/kvse
tkeys\kvsetkeys.sty"
Package: kvsetkeys 2019/12/15 v1.18 Key value parser (HO)
)
("C:\Users\Edier Aristizabal\AppData\Local\Programs\MiKTeX 2.9\tex/generic/kvde
finekeys\kvdefinekeys.sty"
Package: kvdefinekeys 2019-12-19 v1.6 Define keys (HO)
)
("C:\Users\Edier Aristizabal\AppData\Local\Programs\MiKTeX 2.9\tex/generic/pdfe
scape\pdfescape.sty"
Package: pdfescape 2019/12/09 v1.15 Implements pdfTeX's escape features (HO)
)
("C:\Users\Edier Aristizabal\AppData\Local\Programs\MiKTeX 2.9\tex/latex/hycolo
r\hycolor.sty"
Package: hycolor 2020-01-27 v1.10 Color options for hyperref/bookmark (HO)
)
("C:\Users\Edier Aristizabal\AppData\Local\Programs\MiKTeX 2.9\tex/latex/letltx
macro\letltxmacro.sty"
Package: letltxmacro 2019/12/03 v1.6 Let assignment for LaTeX macros (HO)
)
("C:\Users\Edier Aristizabal\AppData\Local\Programs\MiKTeX 2.9\tex/latex/auxhoo
k\auxhook.sty"
Package: auxhook 2019-12-17 v1.6 Hooks for auxiliary files (HO)
)
("C:\Users\Edier Aristizabal\AppData\Local\Programs\MiKTeX 2.9\tex/latex/kvopti
ons\kvoptions.sty"
Package: kvoptions 2019/11/29 v3.13 Key value format for package options (HO)
)
\@linkdim=\dimen188
\Hy@linkcounter=\count270
\Hy@pagecounter=\count271

("C:\Users\Edier Aristizabal\AppData\Local\Programs\MiKTeX 2.9\tex/latex/hyperr
ef\pd1enc.def"
File: pd1enc.def 2020/01/14 v7.00d Hyperref: PDFDocEncoding definition (HO)
Now handling font encoding PD1 ...
... no UTF-8 mapping file for font encoding PD1
)
("C:\Users\Edier Aristizabal\AppData\Local\Programs\MiKTeX 2.9\tex/generic/intc
alc\intcalc.sty"
Package: intcalc 2019/12/15 v1.3 Expandable calculations with integers (HO)
)
("C:\Users\Edier Aristizabal\AppData\Local\Programs\MiKTeX 2.9\tex/generic/etex
cmds\etexcmds.sty"
Package: etexcmds 2019/12/15 v1.7 Avoid name clashes with e-TeX commands (HO)
)
\Hy@SavedSpaceFactor=\count272
Package hyperref Info: Hyper figures OFF on input line 4547.
Package hyperref Info: Link nesting OFF on input line 4552.
Package hyperref Info: Hyper index ON on input line 4555.
Package hyperref Info: Plain pages OFF on input line 4562.
Package hyperref Info: Backreferencing OFF on input line 4567.
Package hyperref Info: Implicit mode ON; LaTeX internals redefined.
Package hyperref Info: Bookmarks ON on input line 4800.
\c@Hy@tempcnt=\count273

("C:\Users\Edier Aristizabal\AppData\Local\Programs\MiKTeX 2.9\tex/latex/url\ur
l.sty"
\Urlmuskip=\muskip16
Package: url 2013/09/16  ver 3.4  Verb mode for urls, etc.
)
LaTeX Info: Redefining \url on input line 5159.
\XeTeXLinkMargin=\dimen189

("C:\Users\Edier Aristizabal\AppData\Local\Programs\MiKTeX 2.9\tex/generic/bits
et\bitset.sty"
Package: bitset 2019/12/09 v1.3 Handle bit-vector datatype (HO)

("C:\Users\Edier Aristizabal\AppData\Local\Programs\MiKTeX 2.9\tex/generic/bigi
ntcalc\bigintcalc.sty"
Package: bigintcalc 2019/12/15 v1.5 Expandable calculations on big integers (HO
)
))
\Fld@menulength=\count274
\Field@Width=\dimen190
\Fld@charsize=\dimen191
Package hyperref Info: Hyper figures OFF on input line 6430.
Package hyperref Info: Link nesting OFF on input line 6435.
Package hyperref Info: Hyper index ON on input line 6438.
Package hyperref Info: backreferencing OFF on input line 6445.
Package hyperref Info: Link coloring OFF on input line 6450.
Package hyperref Info: Link coloring with OCG OFF on input line 6455.
Package hyperref Info: PDF/A mode OFF on input line 6460.
LaTeX Info: Redefining \ref on input line 6500.
LaTeX Info: Redefining \pageref on input line 6504.

("C:\Users\Edier Aristizabal\AppData\Local\Programs\MiKTeX 2.9\tex/generic/atbe
gshi\atbegshi.sty"
Package: atbegshi 2019/12/05 v1.19 At begin shipout hook (HO)
)
\Hy@abspage=\count275
\c@Item=\count276
\c@Hfootnote=\count277
)
Package hyperref Info: Driver (autodetected): hpdftex.

("C:\Users\Edier Aristizabal\AppData\Local\Programs\MiKTeX 2.9\tex/latex/hyperr
ef\hpdftex.def"
File: hpdftex.def 2020/01/14 v7.00d Hyperref driver for pdfTeX

("C:\Users\Edier Aristizabal\AppData\Local\Programs\MiKTeX 2.9\tex/latex/atvery
end\atveryend.sty"
Package: atveryend 2019-12-11 v1.11 Hooks at the very end of document (HO)
)
\Fld@listcount=\count278
\c@bookmark@seq@number=\count279

("C:\Users\Edier Aristizabal\AppData\Local\Programs\MiKTeX 2.9\tex/latex/rerunf
ilecheck\rerunfilecheck.sty"
Package: rerunfilecheck 2019/12/05 v1.9 Rerun checks for auxiliary files (HO)

("C:\Users\Edier Aristizabal\AppData\Local\Programs\MiKTeX 2.9\tex/generic/uniq
uecounter\uniquecounter.sty"
Package: uniquecounter 2019/12/15 v1.4 Provide unlimited unique counter (HO)
)
Package uniquecounter Info: New unique counter `rerunfilecheck' on input line 2
86.
)
\Hy@SectionHShift=\skip49
)
("C:\Users\Edier Aristizabal\AppData\Local\Programs\MiKTeX 2.9\tex/latex/base\t
extcomp.sty"
Package: textcomp 2020/02/02 v2.0n Standard LaTeX package
)
("C:\Users\Edier Aristizabal\AppData\Local\Programs\MiKTeX 2.9\tex/latex/fancyh
dr\fancyhdr.sty"
Package: fancyhdr 2019/01/31 v3.10 Extensive control of page headers and footer
s
\f@nch@headwidth=\skip50
\f@nch@O@elh=\skip51
\f@nch@O@erh=\skip52
\f@nch@O@olh=\skip53
\f@nch@O@orh=\skip54
\f@nch@O@elf=\skip55
\f@nch@O@erf=\skip56
\f@nch@O@olf=\skip57
\f@nch@O@orf=\skip58
)
("C:\Users\Edier Aristizabal\AppData\Local\Programs\MiKTeX 2.9\tex/latex/l3back
end\l3backend-pdfmode.def"
File: l3backend-pdfmode.def 2020-03-12 L3 backend support: PDF mode
\l__kernel_color_stack_int=\count280
\l__pdf_internal_box=\box67
) (Guia_GEE_Explorer.aux
LaTeX Info: Redefining \. on input line 24.
LaTeX Info: Redefining \% on input line 24.
)
\openout1 = `Guia_GEE_Explorer.aux'.

LaTeX Font Info:    Checking defaults for OML/cmm/m/it on input line 27.
LaTeX Font Info:    ... okay on input line 27.
LaTeX Font Info:    Checking defaults for OMS/cmsy/m/n on input line 27.
LaTeX Font Info:    ... okay on input line 27.
LaTeX Font Info:    Checking defaults for OT1/cmr/m/n on input line 27.
LaTeX Font Info:    ... okay on input line 27.
LaTeX Font Info:    Checking defaults for T1/cmr/m/n on input line 27.
LaTeX Font Info:    ... okay on input line 27.
LaTeX Font Info:    Checking defaults for TS1/cmr/m/n on input line 27.
LaTeX Font Info:    ... okay on input line 27.
LaTeX Font Info:    Checking defaults for OMX/cmex/m/n on input line 27.
LaTeX Font Info:    ... okay on input line 27.
LaTeX Font Info:    Checking defaults for U/cmr/m/n on input line 27.
LaTeX Font Info:    ... okay on input line 27.
LaTeX Font Info:    Checking defaults for PD1/pdf/m/n on input line 27.
LaTeX Font Info:    ... okay on input line 27.
LaTeX Info: Redefining \. on input line 27.
LaTeX Info: Redefining \% on input line 27.

("C:\Users\Edier Aristizabal\AppData\Local\Programs\MiKTeX 2.9\tex/context/base
/mkii\supp-pdf.mkii"
[Loading MPS to PDF converter (version 2006.09.02).]
\scratchcounter=\count281
\scratchdimen=\dimen192
\scratchbox=\box68
\nofMPsegments=\count282
\nofMParguments=\count283
\everyMPshowfont=\toks34
\MPscratchCnt=\count284
\MPscratchDim=\dimen193
\MPnumerator=\count285
\makeMPintoPDFobject=\count286
\everyMPtoPDFconversion=\toks35
)
("C:\Users\Edier Aristizabal\AppData\Local\Programs\MiKTeX 2.9\tex/latex/epstop
df-pkg\epstopdf-base.sty"
Package: epstopdf-base 2020-01-24 v2.11 Base part for package epstopdf
Package epstopdf-base Info: Redefining graphics rule for `.eps' on input line 4
85.
) ABD: EveryShipout initializing macros
\AtBeginShipoutBox=\box69
Package hyperref Info: Link coloring OFF on input line 27.

("C:\Users\Edier Aristizabal\AppData\Local\Programs\MiKTeX 2.9\tex/latex/hyperr
ef\nameref.sty"
Package: nameref 2019/09/16 v2.46 Cross-referencing by name of section

("C:\Users\Edier Aristizabal\AppData\Local\Programs\MiKTeX 2.9\tex/latex/refcou
nt\refcount.sty"
Package: refcount 2019/12/15 v3.6 Data extraction from label references (HO)
)
("C:\Users\Edier Aristizabal\AppData\Local\Programs\MiKTeX 2.9\tex/generic/gett
itlestring\gettitlestring.sty"
Package: gettitlestring 2019/12/15 v1.6 Cleanup title references (HO)
)
\c@section@level=\count287
)
LaTeX Info: Redefining \ref on input line 27.
LaTeX Info: Redefining \pageref on input line 27.
LaTeX Info: Redefining \nameref on input line 27.
 (Guia_GEE_Explorer.out) (Guia_GEE_Explorer.out)
\@outlinefile=\write6
\openout6 = `Guia_GEE_Explorer.out'.

<G:/My Drive/ADMINISTRATIVA/logos/unal2.png, id=34, 340.27126pt x 149.55875pt>
File: G:/My Drive/ADMINISTRATIVA/logos/unal2.png Graphic file (type png)
<use G:/My Drive/ADMINISTRATIVA/logos/unal2.png>
Package pdftex.def Info: G:/My Drive/ADMINISTRATIVA/logos/unal2.png  used on in
put line 29.
(pdftex.def)             Requested size: 284.52756pt x 125.0648pt.
LaTeX Font Info:    External font `cmex10' loaded for size
(Font)              <12> on input line 29.
LaTeX Font Info:    External font `cmex10' loaded for size
(Font)              <8> on input line 29.
LaTeX Font Info:    External font `cmex10' loaded for size
(Font)              <6> on input line 29.
LaTeX Font Info:    External font `cmex10' loaded for size
(Font)              <10.95> on input line 38.
 [1

{C:/Users/Edier Aristizabal/AppData/Local/MiKTeX/2.9/pdftex/config/pdftex.map} 
<G:/My Drive/ADMINISTRATIVA/logos/unal2.png>]
<G:/My Drive/CATEDRA/ANALISIS GEOESPACIAL/fig/gee2.png, id=49, 2890.8pt x 813.0
375pt>
File: G:/My Drive/CATEDRA/ANALISIS GEOESPACIAL/fig/gee2.png Graphic file (type 
png)
<use G:/My Drive/CATEDRA/ANALISIS GEOESPACIAL/fig/gee2.png>
Package pdftex.def Info: G:/My Drive/CATEDRA/ANALISIS GEOESPACIAL/fig/gee2.png 
 used on input line 46.
(pdftex.def)             Requested size: 398.33858pt x 112.0256pt.

Overfull \hbox (38.33858pt too wide) in paragraph at lines 46--47
 [][] 
 []


Package Fancyhdr Warning: \headheight is too small (12.0pt): 
Make it at least 13.59999pt.
We now make it that large for the rest of the document.
This may cause the page layout to be inconsistent, however.

[2 <G:/My Drive/CATEDRA/ANALISIS GEOESPACIAL/fig/gee2.png>]
<G:/My Drive/CATEDRA/ANALISIS GEOESPACIAL/fig/gee3.png, id=57, 2890.8pt x 813.0
375pt>
File: G:/My Drive/CATEDRA/ANALISIS GEOESPACIAL/fig/gee3.png Graphic file (type 
png)
<use G:/My Drive/CATEDRA/ANALISIS GEOESPACIAL/fig/gee3.png>
Package pdftex.def Info: G:/My Drive/CATEDRA/ANALISIS GEOESPACIAL/fig/gee3.png 
 used on input line 56.
(pdftex.def)             Requested size: 398.33858pt x 112.0256pt.

Overfull \hbox (38.33858pt too wide) in paragraph at lines 56--57
 [][] 
 []

<G:/My Drive/CATEDRA/ANALISIS GEOESPACIAL/fig/gee4.png, id=58, 2890.8pt x 813.0
375pt>
File: G:/My Drive/CATEDRA/ANALISIS GEOESPACIAL/fig/gee4.png Graphic file (type 
png)
<use G:/My Drive/CATEDRA/ANALISIS GEOESPACIAL/fig/gee4.png>
Package pdftex.def Info: G:/My Drive/CATEDRA/ANALISIS GEOESPACIAL/fig/gee4.png 
 used on input line 63.
(pdftex.def)             Requested size: 398.33858pt x 112.0256pt.

Overfull \hbox (38.33858pt too wide) in paragraph at lines 63--64
[][] 
 []

[3 <G:/My Drive/CATEDRA/ANALISIS GEOESPACIAL/fig/gee3.png> <G:/My Drive/CATEDRA
/ANALISIS GEOESPACIAL/fig/gee4.png>]
<G:/My Drive/CATEDRA/ANALISIS GEOESPACIAL/fig/gee5.png, id=64, 2890.8pt x 813.0
375pt>
File: G:/My Drive/CATEDRA/ANALISIS GEOESPACIAL/fig/gee5.png Graphic file (type 
png)
<use G:/My Drive/CATEDRA/ANALISIS GEOESPACIAL/fig/gee5.png>
Package pdftex.def Info: G:/My Drive/CATEDRA/ANALISIS GEOESPACIAL/fig/gee5.png 
 used on input line 76.
(pdftex.def)             Requested size: 398.33858pt x 112.0256pt.

Overfull \hbox (38.33858pt too wide) in paragraph at lines 76--77
 [][] 
 []

<G:/My Drive/CATEDRA/ANALISIS GEOESPACIAL/fig/gee6.png, id=65, 2890.8pt x 813.0
375pt>
File: G:/My Drive/CATEDRA/ANALISIS GEOESPACIAL/fig/gee6.png Graphic file (type 
png)
<use G:/My Drive/CATEDRA/ANALISIS GEOESPACIAL/fig/gee6.png>
Package pdftex.def Info: G:/My Drive/CATEDRA/ANALISIS GEOESPACIAL/fig/gee6.png 
 used on input line 87.
(pdftex.def)             Requested size: 398.33858pt x 112.0256pt.

Overfull \hbox (38.33858pt too wide) in paragraph at lines 87--88
 [][] 
 []


Overfull \hbox (6.42412pt too wide) in paragraph at lines 89--89
[]\OT1/cmr/bx/n/14.4 CALCULO DEL ND-VI CON GOO-GLE EARTH
 []

[4 <G:/My Drive/CATEDRA/ANALISIS GEOESPACIAL/fig/gee5.png> <G:/My Drive/CATEDRA
/ANALISIS GEOESPACIAL/fig/gee6.png>]
<G:/My Drive/CATEDRA/ANALISIS GEOESPACIAL/fig/gee7.png, id=70, 2890.8pt x 813.0
375pt>
File: G:/My Drive/CATEDRA/ANALISIS GEOESPACIAL/fig/gee7.png Graphic file (type 
png)
<use G:/My Drive/CATEDRA/ANALISIS GEOESPACIAL/fig/gee7.png>
Package pdftex.def Info: G:/My Drive/CATEDRA/ANALISIS GEOESPACIAL/fig/gee7.png 
 used on input line 94.
(pdftex.def)             Requested size: 398.33858pt x 112.0256pt.

Overfull \hbox (38.33858pt too wide) in paragraph at lines 94--95
 [][] 
 []

<G:/My Drive/CATEDRA/ANALISIS GEOESPACIAL/fig/gee8.png, id=71, 2890.8pt x 813.0
375pt>
File: G:/My Drive/CATEDRA/ANALISIS GEOESPACIAL/fig/gee8.png Graphic file (type 
png)
<use G:/My Drive/CATEDRA/ANALISIS GEOESPACIAL/fig/gee8.png>
Package pdftex.def Info: G:/My Drive/CATEDRA/ANALISIS GEOESPACIAL/fig/gee8.png 
 used on input line 103.
(pdftex.def)             Requested size: 398.33858pt x 112.0256pt.

Overfull \hbox (38.33858pt too wide) in paragraph at lines 103--104
 [][] 
 []

<G:/My Drive/CATEDRA/ANALISIS GEOESPACIAL/fig/gee9.png, id=72, 2890.8pt x 813.0
375pt>
File: G:/My Drive/CATEDRA/ANALISIS GEOESPACIAL/fig/gee9.png Graphic file (type 
png)
<use G:/My Drive/CATEDRA/ANALISIS GEOESPACIAL/fig/gee9.png>
Package pdftex.def Info: G:/My Drive/CATEDRA/ANALISIS GEOESPACIAL/fig/gee9.png 
 used on input line 110.
(pdftex.def)             Requested size: 398.33858pt x 112.0256pt.

Overfull \hbox (38.33858pt too wide) in paragraph at lines 110--111
 [][] 
 []

[5 <G:/My Drive/CATEDRA/ANALISIS GEOESPACIAL/fig/gee7.png> <G:/My Drive/CATEDRA
/ANALISIS GEOESPACIAL/fig/gee8.png>]
<G:/My Drive/CATEDRA/ANALISIS GEOESPACIAL/fig/gee10.png, id=77, 867.24pt x 242.
433pt>
File: G:/My Drive/CATEDRA/ANALISIS GEOESPACIAL/fig/gee10.png Graphic file (type
 png)
<use G:/My Drive/CATEDRA/ANALISIS GEOESPACIAL/fig/gee10.png>
Package pdftex.def Info: G:/My Drive/CATEDRA/ANALISIS GEOESPACIAL/fig/gee10.png
  used on input line 122.
(pdftex.def)             Requested size: 398.33858pt x 111.35405pt.

Overfull \hbox (38.33858pt too wide) in paragraph at lines 122--123
 [][] 
 []

<G:/My Drive/CATEDRA/ANALISIS GEOESPACIAL/fig/gee11.png, id=78, 883.665pt x 249
.3315pt>
File: G:/My Drive/CATEDRA/ANALISIS GEOESPACIAL/fig/gee11.png Graphic file (type
 png)
<use G:/My Drive/CATEDRA/ANALISIS GEOESPACIAL/fig/gee11.png>
Package pdftex.def Info: G:/My Drive/CATEDRA/ANALISIS GEOESPACIAL/fig/gee11.png
  used on input line 129.
(pdftex.def)             Requested size: 398.33858pt x 112.39215pt.

Overfull \hbox (38.33858pt too wide) in paragraph at lines 129--130
 [][] 
 []

[6 <G:/My Drive/CATEDRA/ANALISIS GEOESPACIAL/fig/gee9.png> <G:/My Drive/CATEDRA
/ANALISIS GEOESPACIAL/fig/gee10.png>]
<G:/My Drive/CATEDRA/ANALISIS GEOESPACIAL/fig/gee12.png, id=83, 883.665pt x 248
.6745pt>
File: G:/My Drive/CATEDRA/ANALISIS GEOESPACIAL/fig/gee12.png Graphic file (type
 png)
<use G:/My Drive/CATEDRA/ANALISIS GEOESPACIAL/fig/gee12.png>
Package pdftex.def Info: G:/My Drive/CATEDRA/ANALISIS GEOESPACIAL/fig/gee12.png
  used on input line 136.
(pdftex.def)             Requested size: 398.33858pt x 112.096pt.

Overfull \hbox (38.33858pt too wide) in paragraph at lines 136--137
 [][] 
 []

<G:/My Drive/CATEDRA/ANALISIS GEOESPACIAL/fig/gee13.png, id=84, 872.8245pt x 24
6.375pt>
File: G:/My Drive/CATEDRA/ANALISIS GEOESPACIAL/fig/gee13.png Graphic file (type
 png)
<use G:/My Drive/CATEDRA/ANALISIS GEOESPACIAL/fig/gee13.png>
Package pdftex.def Info: G:/My Drive/CATEDRA/ANALISIS GEOESPACIAL/fig/gee13.png
  used on input line 141.
(pdftex.def)             Requested size: 398.33858pt x 112.43913pt.

Overfull \hbox (38.33858pt too wide) in paragraph at lines 141--142
 [][] 
 []

<G:/My Drive/CATEDRA/ANALISIS GEOESPACIAL/fig/gee14.jpg, id=85, 883.665pt x 248
.6745pt>
File: G:/My Drive/CATEDRA/ANALISIS GEOESPACIAL/fig/gee14.jpg Graphic file (type
 jpg)
<use G:/My Drive/CATEDRA/ANALISIS GEOESPACIAL/fig/gee14.jpg>
Package pdftex.def Info: G:/My Drive/CATEDRA/ANALISIS GEOESPACIAL/fig/gee14.jpg
  used on input line 150.
(pdftex.def)             Requested size: 398.33858pt x 112.096pt.

Overfull \hbox (38.33858pt too wide) in paragraph at lines 150--151
 [][] 
 []

[7 <G:/My Drive/CATEDRA/ANALISIS GEOESPACIAL/fig/gee11.png> <G:/My Drive/CATEDR
A/ANALISIS GEOESPACIAL/fig/gee12.png> <G:/My Drive/CATEDRA/ANALISIS GEOESPACIAL
/fig/gee13.png>]
<G:/My Drive/CATEDRA/ANALISIS GEOESPACIAL/fig/gee15.png, id=91, 878.0805pt x 24
7.032pt>
File: G:/My Drive/CATEDRA/ANALISIS GEOESPACIAL/fig/gee15.png Graphic file (type
 png)
<use G:/My Drive/CATEDRA/ANALISIS GEOESPACIAL/fig/gee15.png>
Package pdftex.def Info: G:/My Drive/CATEDRA/ANALISIS GEOESPACIAL/fig/gee15.png
  used on input line 158.
(pdftex.def)             Requested size: 398.33858pt x 112.06425pt.

Overfull \hbox (38.33858pt too wide) in paragraph at lines 158--159
 [][] 
 []

[8 <G:/My Drive/CATEDRA/ANALISIS GEOESPACIAL/fig/gee14.jpg> <G:/My Drive/CATEDR
A/ANALISIS GEOESPACIAL/fig/gee15.png>]
Package atveryend Info: Empty hook `BeforeClearDocument' on input line 163.
Package atveryend Info: Empty hook `AfterLastShipout' on input line 163.
 (Guia_GEE_Explorer.aux
LaTeX Info: Redefining \. on input line 24.
LaTeX Info: Redefining \% on input line 24.
)
Package atveryend Info: Executing hook `AtVeryEndDocument' on input line 163.
Package atveryend Info: Executing hook `AtEndAfterFileList' on input line 163.
Package rerunfilecheck Info: File `Guia_GEE_Explorer.out' has not changed.
(rerunfilecheck)             Checksum: 297D413662B4418779294A0EDC2D4C3C;414.
 ) 
Here is how much of TeX's memory you used:
 19775 strings out of 480930
 408765 string characters out of 2894131
 682725 words of memory out of 3000000
 35264 multiletter control sequences out of 15000+200000
 538364 words of font info for 44 fonts, out of 3000000 for 9000
 1141 hyphenation exceptions out of 8191
 59i,12n,87p,942b,414s stack positions out of 5000i,500n,10000p,200000b,50000s
 <C:\Users\Edier Aristizabal\AppData\Local\MiKTeX\2.9\fonts/pk/ljfour/jknappe
n/ec/dpi600\tcrm1095.pk><C:/Users/Edier Aristizabal/AppData/Local/Programs/MiKT
eX 2.9/fonts/type1/public/amsfonts/cm/cmbx10.pfb><C:/Users/Edier Aristizabal/Ap
pData/Local/Programs/MiKTeX 2.9/fonts/type1/public/amsfonts/cm/cmbx12.pfb><C:/U
sers/Edier Aristizabal/AppData/Local/Programs/MiKTeX 2.9/fonts/type1/public/ams
fonts/cm/cmr10.pfb><C:/Users/Edier Aristizabal/AppData/Local/Programs/MiKTeX 2.
9/fonts/type1/public/amsfonts/cm/cmr12.pfb><C:/Users/Edier Aristizabal/AppData/
Local/Programs/MiKTeX 2.9/fonts/type1/public/amsfonts/cm/cmr17.pfb><C:/Users/Ed
ier Aristizabal/AppData/Local/Programs/MiKTeX 2.9/fonts/type1/public/amsfonts/c
m/cmti10.pfb><C:/Users/Edier Aristizabal/AppData/Local/Programs/MiKTeX 2.9/font
s/type1/public/amsfonts/cm/cmtt10.pfb>
Output written on Guia_GEE_Explorer.pdf (8 pages, 32474417 bytes).
PDF statistics:
 130 PDF objects out of 1000 (max. 8388607)
 16 named destinations out of 1000 (max. 500000)
 144 words of extra memory for PDF output out of 10000 (max. 10000000)

