This is pdfTeX, Version 3.14159265-2.6-1.40.21 (MiKTeX 2.9.7400 64-bit) (preloaded format=pdflatex 2020.5.11)  23 MAY 2020 14:15
entering extended mode
**./Guia_SIG.tex
(Guia_SIG.tex
LaTeX2e <2020-02-02> patch level 5
L3 programming layer <2020-04-06>
("C:\Users\USUARIO\AppData\Local\Programs\MiKTeX 2.9\tex/latex/base\article.cls
"
Document Class: article 2019/12/20 v1.4l Standard LaTeX document class
("C:\Users\USUARIO\AppData\Local\Programs\MiKTeX 2.9\tex/latex/base\size11.clo"
File: size11.clo 2019/12/20 v1.4l Standard LaTeX file (size option)
)
\c@part=\count167
\c@section=\count168
\c@subsection=\count169
\c@subsubsection=\count170
\c@paragraph=\count171
\c@subparagraph=\count172
\c@figure=\count173
\c@table=\count174
\abovecaptionskip=\skip47
\belowcaptionskip=\skip48
\bibindent=\dimen134
)
("C:\Users\USUARIO\AppData\Local\Programs\MiKTeX 2.9\tex/generic/babel\babel.st
y"
Package: babel 2020/04/28 3.43 The Babel package

("C:\Users\USUARIO\AppData\Local\Programs\MiKTeX 2.9\tex/generic/babel\babel.de
f"
File: babel.def 2020/04/28 3.43 Babel common definitions
\babel@savecnt=\count175
\U@D=\dimen135

("C:\Users\USUARIO\AppData\Local\Programs\MiKTeX 2.9\tex/generic/babel\txtbabel
.def")
\bbl@readstream=\read2
)
\bbl@dirlevel=\count176

*************************************
* Local config file bblopts.cfg used
*

("C:\Users\USUARIO\AppData\Local\Programs\MiKTeX 2.9\tex/latex/arabi\bblopts.cf
g"
File: bblopts.cfg 2005/09/08 v0.1 add Arabic and Farsi to "declared" options of
 babel
)
("C:\Users\USUARIO\AppData\Local\Programs\MiKTeX 2.9\tex/latex/babel-spanish\sp
anish.ldf"
Language: spanish.ldf 2016/03/03 v5.0p Spanish support from the babel system
\es@quottoks=\toks15
\es@quotdepth=\count177
Package babel Info: Making " an active character on input line 561.
Package babel Info: Making . an active character on input line 662.
Package babel Info: Making < an active character on input line 707.
Package babel Info: Making > an active character on input line 707.
))
("C:\Users\USUARIO\AppData\Local\Programs\MiKTeX 2.9\tex/latex/graphics\graphic
x.sty"
Package: graphicx 2019/11/30 v1.2a Enhanced LaTeX Graphics (DPC,SPQR)

("C:\Users\USUARIO\AppData\Local\Programs\MiKTeX 2.9\tex/latex/graphics\keyval.
sty"
Package: keyval 2014/10/28 v1.15 key=value parser (DPC)
\KV@toks@=\toks16
)
("C:\Users\USUARIO\AppData\Local\Programs\MiKTeX 2.9\tex/latex/graphics\graphic
s.sty"
Package: graphics 2019/11/30 v1.4a Standard LaTeX Graphics (DPC,SPQR)

("C:\Users\USUARIO\AppData\Local\Programs\MiKTeX 2.9\tex/latex/graphics\trig.st
y"
Package: trig 2016/01/03 v1.10 sin cos tan (DPC)
)
("C:\Users\USUARIO\AppData\Local\Programs\MiKTeX 2.9\tex/latex/graphics-cfg\gra
phics.cfg"
File: graphics.cfg 2016/06/04 v1.11 sample graphics configuration
)
Package graphics Info: Driver file: pdftex.def on input line 105.

("C:\Users\USUARIO\AppData\Local\Programs\MiKTeX 2.9\tex/latex/graphics-def\pdf
tex.def"
File: pdftex.def 2018/01/08 v1.0l Graphics/color driver for pdftex
))
\Gin@req@height=\dimen136
\Gin@req@width=\dimen137
)
("C:\Users\USUARIO\AppData\Local\Programs\MiKTeX 2.9\tex/latex/float\float.sty"
Package: float 2001/11/08 v1.3d Float enhancements (AL)
\c@float@type=\count178
\float@exts=\toks17
\float@box=\box45
\@float@everytoks=\toks18
\@floatcapt=\box46
)
("C:\Users\USUARIO\AppData\Local\Programs\MiKTeX 2.9\tex/latex/tcolorbox\tcolor
box.sty"
Package: tcolorbox 2020/04/28 version 4.30 text color boxes

("C:\Users\USUARIO\AppData\Local\Programs\MiKTeX 2.9\tex/latex/pgf/basiclayer\p
gf.sty"
("C:\Users\USUARIO\AppData\Local\Programs\MiKTeX 2.9\tex/latex/pgf/utilities\pg
frcs.sty"
("C:\Users\USUARIO\AppData\Local\Programs\MiKTeX 2.9\tex/generic/pgf/utilities\
pgfutil-common.tex"
\pgfutil@everybye=\toks19
\pgfutil@tempdima=\dimen138
\pgfutil@tempdimb=\dimen139

("C:\Users\USUARIO\AppData\Local\Programs\MiKTeX 2.9\tex/generic/pgf/utilities\
pgfutil-common-lists.tex"))
("C:\Users\USUARIO\AppData\Local\Programs\MiKTeX 2.9\tex/generic/pgf/utilities\
pgfutil-latex.def"
\pgfutil@abb=\box47

("C:\Users\USUARIO\AppData\Local\Programs\MiKTeX 2.9\tex/latex/ms\everyshi.sty"
Package: everyshi 2001/05/15 v3.00 EveryShipout Package (MS)
))
("C:\Users\USUARIO\AppData\Local\Programs\MiKTeX 2.9\tex/generic/pgf/utilities\
pgfrcs.code.tex"
("C:\Users\USUARIO\AppData\Local\Programs\MiKTeX 2.9\tex/generic/pgf\pgf.revisi
on.tex")
Package: pgfrcs 2020/01/08 v3.1.5b (3.1.5b)
))
Package: pgf 2020/01/08 v3.1.5b (3.1.5b)

("C:\Users\USUARIO\AppData\Local\Programs\MiKTeX 2.9\tex/latex/pgf/basiclayer\p
gfcore.sty"
("C:\Users\USUARIO\AppData\Local\Programs\MiKTeX 2.9\tex/latex/pgf/systemlayer\
pgfsys.sty"
("C:\Users\USUARIO\AppData\Local\Programs\MiKTeX 2.9\tex/generic/pgf/systemlaye
r\pgfsys.code.tex"
Package: pgfsys 2020/01/08 v3.1.5b (3.1.5b)

("C:\Users\USUARIO\AppData\Local\Programs\MiKTeX 2.9\tex/generic/pgf/utilities\
pgfkeys.code.tex"
\pgfkeys@pathtoks=\toks20
\pgfkeys@temptoks=\toks21

("C:\Users\USUARIO\AppData\Local\Programs\MiKTeX 2.9\tex/generic/pgf/utilities\
pgfkeysfiltered.code.tex"
\pgfkeys@tmptoks=\toks22
))
\pgf@x=\dimen140
\pgf@y=\dimen141
\pgf@xa=\dimen142
\pgf@ya=\dimen143
\pgf@xb=\dimen144
\pgf@yb=\dimen145
\pgf@xc=\dimen146
\pgf@yc=\dimen147
\pgf@xd=\dimen148
\pgf@yd=\dimen149
\w@pgf@writea=\write3
\r@pgf@reada=\read3
\c@pgf@counta=\count179
\c@pgf@countb=\count180
\c@pgf@countc=\count181
\c@pgf@countd=\count182
\t@pgf@toka=\toks23
\t@pgf@tokb=\toks24
\t@pgf@tokc=\toks25
\pgf@sys@id@count=\count183

("C:\Users\USUARIO\AppData\Local\Programs\MiKTeX 2.9\tex/generic/pgf/systemlaye
r\pgf.cfg"
File: pgf.cfg 2020/01/08 v3.1.5b (3.1.5b)
)
Driver file for pgf: pgfsys-pdftex.def

("C:\Users\USUARIO\AppData\Local\Programs\MiKTeX 2.9\tex/generic/pgf/systemlaye
r\pgfsys-pdftex.def"
File: pgfsys-pdftex.def 2020/01/08 v3.1.5b (3.1.5b)

("C:\Users\USUARIO\AppData\Local\Programs\MiKTeX 2.9\tex/generic/pgf/systemlaye
r\pgfsys-common-pdf.def"
File: pgfsys-common-pdf.def 2020/01/08 v3.1.5b (3.1.5b)
)))
("C:\Users\USUARIO\AppData\Local\Programs\MiKTeX 2.9\tex/generic/pgf/systemlaye
r\pgfsyssoftpath.code.tex"
File: pgfsyssoftpath.code.tex 2020/01/08 v3.1.5b (3.1.5b)
\pgfsyssoftpath@smallbuffer@items=\count184
\pgfsyssoftpath@bigbuffer@items=\count185
)
("C:\Users\USUARIO\AppData\Local\Programs\MiKTeX 2.9\tex/generic/pgf/systemlaye
r\pgfsysprotocol.code.tex"
File: pgfsysprotocol.code.tex 2020/01/08 v3.1.5b (3.1.5b)
))
("C:\Users\USUARIO\AppData\Local\Programs\MiKTeX 2.9\tex/latex/xcolor\xcolor.st
y"
Package: xcolor 2016/05/11 v2.12 LaTeX color extensions (UK)

("C:\Users\USUARIO\AppData\Local\Programs\MiKTeX 2.9\tex/latex/graphics-cfg\col
or.cfg"
File: color.cfg 2016/01/02 v1.6 sample color configuration
)
Package xcolor Info: Driver file: pdftex.def on input line 225.
Package xcolor Info: Model `cmy' substituted by `cmy0' on input line 1348.
Package xcolor Info: Model `hsb' substituted by `rgb' on input line 1352.
Package xcolor Info: Model `RGB' extended on input line 1364.
Package xcolor Info: Model `HTML' substituted by `rgb' on input line 1366.
Package xcolor Info: Model `Hsb' substituted by `hsb' on input line 1367.
Package xcolor Info: Model `tHsb' substituted by `hsb' on input line 1368.
Package xcolor Info: Model `HSB' substituted by `hsb' on input line 1369.
Package xcolor Info: Model `Gray' substituted by `gray' on input line 1370.
Package xcolor Info: Model `wave' substituted by `hsb' on input line 1371.
)
("C:\Users\USUARIO\AppData\Local\Programs\MiKTeX 2.9\tex/generic/pgf/basiclayer
\pgfcore.code.tex"
Package: pgfcore 2020/01/08 v3.1.5b (3.1.5b)

("C:\Users\USUARIO\AppData\Local\Programs\MiKTeX 2.9\tex/generic/pgf/math\pgfma
th.code.tex"
("C:\Users\USUARIO\AppData\Local\Programs\MiKTeX 2.9\tex/generic/pgf/math\pgfma
thcalc.code.tex"
("C:\Users\USUARIO\AppData\Local\Programs\MiKTeX 2.9\tex/generic/pgf/math\pgfma
thutil.code.tex")
("C:\Users\USUARIO\AppData\Local\Programs\MiKTeX 2.9\tex/generic/pgf/math\pgfma
thparser.code.tex"
\pgfmath@dimen=\dimen150
\pgfmath@count=\count186
\pgfmath@box=\box48
\pgfmath@toks=\toks26
\pgfmath@stack@operand=\toks27
\pgfmath@stack@operation=\toks28
)
("C:\Users\USUARIO\AppData\Local\Programs\MiKTeX 2.9\tex/generic/pgf/math\pgfma
thfunctions.code.tex"
("C:\Users\USUARIO\AppData\Local\Programs\MiKTeX 2.9\tex/generic/pgf/math\pgfma
thfunctions.basic.code.tex")
("C:\Users\USUARIO\AppData\Local\Programs\MiKTeX 2.9\tex/generic/pgf/math\pgfma
thfunctions.trigonometric.code.tex")
("C:\Users\USUARIO\AppData\Local\Programs\MiKTeX 2.9\tex/generic/pgf/math\pgfma
thfunctions.random.code.tex")
("C:\Users\USUARIO\AppData\Local\Programs\MiKTeX 2.9\tex/generic/pgf/math\pgfma
thfunctions.comparison.code.tex")
("C:\Users\USUARIO\AppData\Local\Programs\MiKTeX 2.9\tex/generic/pgf/math\pgfma
thfunctions.base.code.tex")
("C:\Users\USUARIO\AppData\Local\Programs\MiKTeX 2.9\tex/generic/pgf/math\pgfma
thfunctions.round.code.tex")
("C:\Users\USUARIO\AppData\Local\Programs\MiKTeX 2.9\tex/generic/pgf/math\pgfma
thfunctions.misc.code.tex")
("C:\Users\USUARIO\AppData\Local\Programs\MiKTeX 2.9\tex/generic/pgf/math\pgfma
thfunctions.integerarithmetics.code.tex")))
("C:\Users\USUARIO\AppData\Local\Programs\MiKTeX 2.9\tex/generic/pgf/math\pgfma
thfloat.code.tex"
\c@pgfmathroundto@lastzeros=\count187
))
("C:\Users\USUARIO\AppData\Local\Programs\MiKTeX 2.9\tex/generic/pgf/math\pgfin
t.code.tex")
("C:\Users\USUARIO\AppData\Local\Programs\MiKTeX 2.9\tex/generic/pgf/basiclayer
\pgfcorepoints.code.tex"
File: pgfcorepoints.code.tex 2020/01/08 v3.1.5b (3.1.5b)
\pgf@picminx=\dimen151
\pgf@picmaxx=\dimen152
\pgf@picminy=\dimen153
\pgf@picmaxy=\dimen154
\pgf@pathminx=\dimen155
\pgf@pathmaxx=\dimen156
\pgf@pathminy=\dimen157
\pgf@pathmaxy=\dimen158
\pgf@xx=\dimen159
\pgf@xy=\dimen160
\pgf@yx=\dimen161
\pgf@yy=\dimen162
\pgf@zx=\dimen163
\pgf@zy=\dimen164
)
("C:\Users\USUARIO\AppData\Local\Programs\MiKTeX 2.9\tex/generic/pgf/basiclayer
\pgfcorepathconstruct.code.tex"
File: pgfcorepathconstruct.code.tex 2020/01/08 v3.1.5b (3.1.5b)
\pgf@path@lastx=\dimen165
\pgf@path@lasty=\dimen166
)
("C:\Users\USUARIO\AppData\Local\Programs\MiKTeX 2.9\tex/generic/pgf/basiclayer
\pgfcorepathusage.code.tex"
File: pgfcorepathusage.code.tex 2020/01/08 v3.1.5b (3.1.5b)
\pgf@shorten@end@additional=\dimen167
\pgf@shorten@start@additional=\dimen168
)
("C:\Users\USUARIO\AppData\Local\Programs\MiKTeX 2.9\tex/generic/pgf/basiclayer
\pgfcorescopes.code.tex"
File: pgfcorescopes.code.tex 2020/01/08 v3.1.5b (3.1.5b)
\pgfpic=\box49
\pgf@hbox=\box50
\pgf@layerbox@main=\box51
\pgf@picture@serial@count=\count188
)
("C:\Users\USUARIO\AppData\Local\Programs\MiKTeX 2.9\tex/generic/pgf/basiclayer
\pgfcoregraphicstate.code.tex"
File: pgfcoregraphicstate.code.tex 2020/01/08 v3.1.5b (3.1.5b)
\pgflinewidth=\dimen169
)
("C:\Users\USUARIO\AppData\Local\Programs\MiKTeX 2.9\tex/generic/pgf/basiclayer
\pgfcoretransformations.code.tex"
File: pgfcoretransformations.code.tex 2020/01/08 v3.1.5b (3.1.5b)
\pgf@pt@x=\dimen170
\pgf@pt@y=\dimen171
\pgf@pt@temp=\dimen172
)
("C:\Users\USUARIO\AppData\Local\Programs\MiKTeX 2.9\tex/generic/pgf/basiclayer
\pgfcorequick.code.tex"
File: pgfcorequick.code.tex 2020/01/08 v3.1.5b (3.1.5b)
)
("C:\Users\USUARIO\AppData\Local\Programs\MiKTeX 2.9\tex/generic/pgf/basiclayer
\pgfcoreobjects.code.tex"
File: pgfcoreobjects.code.tex 2020/01/08 v3.1.5b (3.1.5b)
)
("C:\Users\USUARIO\AppData\Local\Programs\MiKTeX 2.9\tex/generic/pgf/basiclayer
\pgfcorepathprocessing.code.tex"
File: pgfcorepathprocessing.code.tex 2020/01/08 v3.1.5b (3.1.5b)
)
("C:\Users\USUARIO\AppData\Local\Programs\MiKTeX 2.9\tex/generic/pgf/basiclayer
\pgfcorearrows.code.tex"
File: pgfcorearrows.code.tex 2020/01/08 v3.1.5b (3.1.5b)
\pgfarrowsep=\dimen173
)
("C:\Users\USUARIO\AppData\Local\Programs\MiKTeX 2.9\tex/generic/pgf/basiclayer
\pgfcoreshade.code.tex"
File: pgfcoreshade.code.tex 2020/01/08 v3.1.5b (3.1.5b)
\pgf@max=\dimen174
\pgf@sys@shading@range@num=\count189
\pgf@shadingcount=\count190
)
("C:\Users\USUARIO\AppData\Local\Programs\MiKTeX 2.9\tex/generic/pgf/basiclayer
\pgfcoreimage.code.tex"
File: pgfcoreimage.code.tex 2020/01/08 v3.1.5b (3.1.5b)

("C:\Users\USUARIO\AppData\Local\Programs\MiKTeX 2.9\tex/generic/pgf/basiclayer
\pgfcoreexternal.code.tex"
File: pgfcoreexternal.code.tex 2020/01/08 v3.1.5b (3.1.5b)
\pgfexternal@startupbox=\box52
))
("C:\Users\USUARIO\AppData\Local\Programs\MiKTeX 2.9\tex/generic/pgf/basiclayer
\pgfcorelayers.code.tex"
File: pgfcorelayers.code.tex 2020/01/08 v3.1.5b (3.1.5b)
)
("C:\Users\USUARIO\AppData\Local\Programs\MiKTeX 2.9\tex/generic/pgf/basiclayer
\pgfcoretransparency.code.tex"
File: pgfcoretransparency.code.tex 2020/01/08 v3.1.5b (3.1.5b)
)
("C:\Users\USUARIO\AppData\Local\Programs\MiKTeX 2.9\tex/generic/pgf/basiclayer
\pgfcorepatterns.code.tex"
File: pgfcorepatterns.code.tex 2020/01/08 v3.1.5b (3.1.5b)
)
("C:\Users\USUARIO\AppData\Local\Programs\MiKTeX 2.9\tex/generic/pgf/basiclayer
\pgfcorerdf.code.tex"
File: pgfcorerdf.code.tex 2020/01/08 v3.1.5b (3.1.5b)
)))
("C:\Users\USUARIO\AppData\Local\Programs\MiKTeX 2.9\tex/generic/pgf/modules\pg
fmoduleshapes.code.tex"
File: pgfmoduleshapes.code.tex 2020/01/08 v3.1.5b (3.1.5b)
\pgfnodeparttextbox=\box53
)
("C:\Users\USUARIO\AppData\Local\Programs\MiKTeX 2.9\tex/generic/pgf/modules\pg
fmoduleplot.code.tex"
File: pgfmoduleplot.code.tex 2020/01/08 v3.1.5b (3.1.5b)
)
("C:\Users\USUARIO\AppData\Local\Programs\MiKTeX 2.9\tex/latex/pgf/compatibilit
y\pgfcomp-version-0-65.sty"
Package: pgfcomp-version-0-65 2020/01/08 v3.1.5b (3.1.5b)
\pgf@nodesepstart=\dimen175
\pgf@nodesepend=\dimen176
)
("C:\Users\USUARIO\AppData\Local\Programs\MiKTeX 2.9\tex/latex/pgf/compatibilit
y\pgfcomp-version-1-18.sty"
Package: pgfcomp-version-1-18 2020/01/08 v3.1.5b (3.1.5b)
))
("C:\Users\USUARIO\AppData\Local\Programs\MiKTeX 2.9\tex/latex/tools\verbatim.s
ty"
Package: verbatim 2019/11/10 v1.5r LaTeX2e package for verbatim enhancements
\every@verbatim=\toks29
\verbatim@line=\toks30
\verbatim@in@stream=\read4
)
("C:\Users\USUARIO\AppData\Local\Programs\MiKTeX 2.9\tex/latex/environ\environ.
sty"
Package: environ 2014/05/04 v0.3 A new way to define environments

("C:\Users\USUARIO\AppData\Local\Programs\MiKTeX 2.9\tex/latex/trimspaces\trims
paces.sty"
Package: trimspaces 2009/09/17 v1.1 Trim spaces around a token list
)
\@envbody=\toks31
)
("C:\Users\USUARIO\AppData\Local\Programs\MiKTeX 2.9\tex/latex/etoolbox\etoolbo
x.sty"
Package: etoolbox 2019/09/21 v2.5h e-TeX tools for LaTeX (JAW)
\etb@tempcnta=\count191
)
\tcb@titlebox=\box54
\tcb@upperbox=\box55
\tcb@lowerbox=\box56
\tcb@phantombox=\box57
\c@tcbbreakpart=\count192
\c@tcblayer=\count193
\c@tcolorbox@number=\count194
\tcb@temp=\box58
\tcb@temp=\box59
\tcb@temp=\box60
\tcb@temp=\box61
\tcb@out=\write4
\tcb@record@out=\write5

("C:\Users\USUARIO\AppData\Local\Programs\MiKTeX 2.9\tex/latex/tcolorbox\tcbski
ns.code.tex"
Library (tcolorbox): 'tcbskins.code.tex' version '4.30'

("C:\Users\USUARIO\AppData\Local\Programs\MiKTeX 2.9\tex/latex/pgf/frontendlaye
r\tikz.sty"
("C:\Users\USUARIO\AppData\Local\Programs\MiKTeX 2.9\tex/latex/pgf/utilities\pg
ffor.sty"
("C:\Users\USUARIO\AppData\Local\Programs\MiKTeX 2.9\tex/latex/pgf/utilities\pg
fkeys.sty"
("C:\Users\USUARIO\AppData\Local\Programs\MiKTeX 2.9\tex/generic/pgf/utilities\
pgfkeys.code.tex"))
("C:\Users\USUARIO\AppData\Local\Programs\MiKTeX 2.9\tex/latex/pgf/math\pgfmath
.sty"
("C:\Users\USUARIO\AppData\Local\Programs\MiKTeX 2.9\tex/generic/pgf/math\pgfma
th.code.tex"))
("C:\Users\USUARIO\AppData\Local\Programs\MiKTeX 2.9\tex/generic/pgf/utilities\
pgffor.code.tex"
Package: pgffor 2020/01/08 v3.1.5b (3.1.5b)

("C:\Users\USUARIO\AppData\Local\Programs\MiKTeX 2.9\tex/generic/pgf/math\pgfma
th.code.tex")
\pgffor@iter=\dimen177
\pgffor@skip=\dimen178
\pgffor@stack=\toks32
\pgffor@toks=\toks33
))
("C:\Users\USUARIO\AppData\Local\Programs\MiKTeX 2.9\tex/generic/pgf/frontendla
yer/tikz\tikz.code.tex"
Package: tikz 2020/01/08 v3.1.5b (3.1.5b)

("C:\Users\USUARIO\AppData\Local\Programs\MiKTeX 2.9\tex/generic/pgf/libraries\
pgflibraryplothandlers.code.tex"
File: pgflibraryplothandlers.code.tex 2020/01/08 v3.1.5b (3.1.5b)
\pgf@plot@mark@count=\count195
\pgfplotmarksize=\dimen179
)
\tikz@lastx=\dimen180
\tikz@lasty=\dimen181
\tikz@lastxsaved=\dimen182
\tikz@lastysaved=\dimen183
\tikz@lastmovetox=\dimen184
\tikz@lastmovetoy=\dimen185
\tikzleveldistance=\dimen186
\tikzsiblingdistance=\dimen187
\tikz@figbox=\box62
\tikz@figbox@bg=\box63
\tikz@tempbox=\box64
\tikz@tempbox@bg=\box65
\tikztreelevel=\count196
\tikznumberofchildren=\count197
\tikznumberofcurrentchild=\count198
\tikz@fig@count=\count199

("C:\Users\USUARIO\AppData\Local\Programs\MiKTeX 2.9\tex/generic/pgf/modules\pg
fmodulematrix.code.tex"
File: pgfmodulematrix.code.tex 2020/01/08 v3.1.5b (3.1.5b)
\pgfmatrixcurrentrow=\count266
\pgfmatrixcurrentcolumn=\count267
\pgf@matrix@numberofcolumns=\count268
)
\tikz@expandcount=\count269

("C:\Users\USUARIO\AppData\Local\Programs\MiKTeX 2.9\tex/generic/pgf/frontendla
yer/tikz/libraries\tikzlibrarytopaths.code.tex"
File: tikzlibrarytopaths.code.tex 2020/01/08 v3.1.5b (3.1.5b)
)))
\tcb@waterbox=\box66

("C:\Users\USUARIO\AppData\Local\Programs\MiKTeX 2.9\tex/latex/tcolorbox\tcbski
nsjigsaw.code.tex"
Library (tcolorbox): 'tcbskinsjigsaw.code.tex' version '4.30'
)))
("C:\Users\USUARIO\AppData\Local\Programs\MiKTeX 2.9\tex/latex/titlepic\titlepi
c.sty"
Package: titlepic 2017/03/14 1.2 Package to display a picture on the title page

)
("C:\Users\USUARIO\AppData\Local\Programs\MiKTeX 2.9\tex/latex/hyperref\hyperre
f.sty"
Package: hyperref 2020/01/14 v7.00d Hypertext links for LaTeX

("C:\Users\USUARIO\AppData\Local\Programs\MiKTeX 2.9\tex/generic/ltxcmds\ltxcmd
s.sty"
Package: ltxcmds 2019/12/15 v1.24 LaTeX kernel commands for general use (HO)
)
("C:\Users\USUARIO\AppData\Local\Programs\MiKTeX 2.9\tex/generic/iftex\iftex.st
y"
Package: iftex 2020/03/06 v1.0d TeX engine tests
)
("C:\Users\USUARIO\AppData\Local\Programs\MiKTeX 2.9\tex/latex/pdftexcmds\pdfte
xcmds.sty"
Package: pdftexcmds 2019/11/24 v0.31 Utility functions of pdfTeX for LuaTeX (HO
)

("C:\Users\USUARIO\AppData\Local\Programs\MiKTeX 2.9\tex/generic/infwarerr\infw
arerr.sty"
Package: infwarerr 2019/12/03 v1.5 Providing info/warning/error messages (HO)
)
Package pdftexcmds Info: \pdf@primitive is available.
Package pdftexcmds Info: \pdf@ifprimitive is available.
Package pdftexcmds Info: \pdfdraftmode found.
)
("C:\Users\USUARIO\AppData\Local\Programs\MiKTeX 2.9\tex/generic/kvsetkeys\kvse
tkeys.sty"
Package: kvsetkeys 2019/12/15 v1.18 Key value parser (HO)
)
("C:\Users\USUARIO\AppData\Local\Programs\MiKTeX 2.9\tex/generic/kvdefinekeys\k
vdefinekeys.sty"
Package: kvdefinekeys 2019-12-19 v1.6 Define keys (HO)
)
("C:\Users\USUARIO\AppData\Local\Programs\MiKTeX 2.9\tex/generic/pdfescape\pdfe
scape.sty"
Package: pdfescape 2019/12/09 v1.15 Implements pdfTeX's escape features (HO)
)
("C:\Users\USUARIO\AppData\Local\Programs\MiKTeX 2.9\tex/latex/hycolor\hycolor.
sty"
Package: hycolor 2020-01-27 v1.10 Color options for hyperref/bookmark (HO)
)
("C:\Users\USUARIO\AppData\Local\Programs\MiKTeX 2.9\tex/latex/letltxmacro\letl
txmacro.sty"
Package: letltxmacro 2019/12/03 v1.6 Let assignment for LaTeX macros (HO)
)
("C:\Users\USUARIO\AppData\Local\Programs\MiKTeX 2.9\tex/latex/auxhook\auxhook.
sty"
Package: auxhook 2019-12-17 v1.6 Hooks for auxiliary files (HO)
)
("C:\Users\USUARIO\AppData\Local\Programs\MiKTeX 2.9\tex/latex/kvoptions\kvopti
ons.sty"
Package: kvoptions 2019/11/29 v3.13 Key value format for package options (HO)
)
\@linkdim=\dimen188
\Hy@linkcounter=\count270
\Hy@pagecounter=\count271

("C:\Users\USUARIO\AppData\Local\Programs\MiKTeX 2.9\tex/latex/hyperref\pd1enc.
def"
File: pd1enc.def 2020/01/14 v7.00d Hyperref: PDFDocEncoding definition (HO)
Now handling font encoding PD1 ...
... no UTF-8 mapping file for font encoding PD1
)
("C:\Users\USUARIO\AppData\Local\Programs\MiKTeX 2.9\tex/generic/intcalc\intcal
c.sty"
Package: intcalc 2019/12/15 v1.3 Expandable calculations with integers (HO)
)
("C:\Users\USUARIO\AppData\Local\Programs\MiKTeX 2.9\tex/generic/etexcmds\etexc
mds.sty"
Package: etexcmds 2019/12/15 v1.7 Avoid name clashes with e-TeX commands (HO)
)
\Hy@SavedSpaceFactor=\count272
Package hyperref Info: Hyper figures OFF on input line 4547.
Package hyperref Info: Link nesting OFF on input line 4552.
Package hyperref Info: Hyper index ON on input line 4555.
Package hyperref Info: Plain pages OFF on input line 4562.
Package hyperref Info: Backreferencing OFF on input line 4567.
Package hyperref Info: Implicit mode ON; LaTeX internals redefined.
Package hyperref Info: Bookmarks ON on input line 4800.
\c@Hy@tempcnt=\count273

("C:\Users\USUARIO\AppData\Local\Programs\MiKTeX 2.9\tex/latex/url\url.sty"
\Urlmuskip=\muskip16
Package: url 2013/09/16  ver 3.4  Verb mode for urls, etc.
)
LaTeX Info: Redefining \url on input line 5159.
\XeTeXLinkMargin=\dimen189

("C:\Users\USUARIO\AppData\Local\Programs\MiKTeX 2.9\tex/generic/bitset\bitset.
sty"
Package: bitset 2019/12/09 v1.3 Handle bit-vector datatype (HO)

("C:\Users\USUARIO\AppData\Local\Programs\MiKTeX 2.9\tex/generic/bigintcalc\big
intcalc.sty"
Package: bigintcalc 2019/12/15 v1.5 Expandable calculations on big integers (HO
)
))
\Fld@menulength=\count274
\Field@Width=\dimen190
\Fld@charsize=\dimen191
Package hyperref Info: Hyper figures OFF on input line 6430.
Package hyperref Info: Link nesting OFF on input line 6435.
Package hyperref Info: Hyper index ON on input line 6438.
Package hyperref Info: backreferencing OFF on input line 6445.
Package hyperref Info: Link coloring OFF on input line 6450.
Package hyperref Info: Link coloring with OCG OFF on input line 6455.
Package hyperref Info: PDF/A mode OFF on input line 6460.
LaTeX Info: Redefining \ref on input line 6500.
LaTeX Info: Redefining \pageref on input line 6504.

("C:\Users\USUARIO\AppData\Local\Programs\MiKTeX 2.9\tex/generic/atbegshi\atbeg
shi.sty"
Package: atbegshi 2019/12/05 v1.19 At begin shipout hook (HO)
)
\Hy@abspage=\count275
\c@Item=\count276
\c@Hfootnote=\count277
)
Package hyperref Info: Driver (autodetected): hpdftex.

("C:\Users\USUARIO\AppData\Local\Programs\MiKTeX 2.9\tex/latex/hyperref\hpdftex
.def"
File: hpdftex.def 2020/01/14 v7.00d Hyperref driver for pdfTeX

("C:\Users\USUARIO\AppData\Local\Programs\MiKTeX 2.9\tex/latex/atveryend\atvery
end.sty"
Package: atveryend 2019-12-11 v1.11 Hooks at the very end of document (HO)
)
\Fld@listcount=\count278
\c@bookmark@seq@number=\count279

("C:\Users\USUARIO\AppData\Local\Programs\MiKTeX 2.9\tex/latex/rerunfilecheck\r
erunfilecheck.sty"
Package: rerunfilecheck 2019/12/05 v1.9 Rerun checks for auxiliary files (HO)

("C:\Users\USUARIO\AppData\Local\Programs\MiKTeX 2.9\tex/generic/uniquecounter\
uniquecounter.sty"
Package: uniquecounter 2019/12/15 v1.4 Provide unlimited unique counter (HO)
)
Package uniquecounter Info: New unique counter `rerunfilecheck' on input line 2
86.
)
\Hy@SectionHShift=\skip49
)
("C:\Users\USUARIO\AppData\Local\Programs\MiKTeX 2.9\tex/latex/base\textcomp.st
y"
Package: textcomp 2020/02/02 v2.0n Standard LaTeX package
)
("C:\Users\USUARIO\AppData\Local\Programs\MiKTeX 2.9\tex/latex/fancyhdr\fancyhd
r.sty"
Package: fancyhdr 2019/01/31 v3.10 Extensive control of page headers and footer
s
\f@nch@headwidth=\skip50
\f@nch@O@elh=\skip51
\f@nch@O@erh=\skip52
\f@nch@O@olh=\skip53
\f@nch@O@orh=\skip54
\f@nch@O@elf=\skip55
\f@nch@O@erf=\skip56
\f@nch@O@olf=\skip57
\f@nch@O@orf=\skip58
)
("C:\Users\USUARIO\AppData\Local\Programs\MiKTeX 2.9\tex/latex/l3backend\l3back
end-pdfmode.def"
File: l3backend-pdfmode.def 2020-03-12 L3 backend support: PDF mode
\l__kernel_color_stack_int=\count280
\l__pdf_internal_box=\box67
)
No file Guia_SIG.aux.
\openout1 = `Guia_SIG.aux'.

LaTeX Font Info:    Checking defaults for OML/cmm/m/it on input line 27.
LaTeX Font Info:    ... okay on input line 27.
LaTeX Font Info:    Checking defaults for OMS/cmsy/m/n on input line 27.
LaTeX Font Info:    ... okay on input line 27.
LaTeX Font Info:    Checking defaults for OT1/cmr/m/n on input line 27.
LaTeX Font Info:    ... okay on input line 27.
LaTeX Font Info:    Checking defaults for T1/cmr/m/n on input line 27.
LaTeX Font Info:    ... okay on input line 27.
LaTeX Font Info:    Checking defaults for TS1/cmr/m/n on input line 27.
LaTeX Font Info:    ... okay on input line 27.
LaTeX Font Info:    Checking defaults for OMX/cmex/m/n on input line 27.
LaTeX Font Info:    ... okay on input line 27.
LaTeX Font Info:    Checking defaults for U/cmr/m/n on input line 27.
LaTeX Font Info:    ... okay on input line 27.
LaTeX Font Info:    Checking defaults for PD1/pdf/m/n on input line 27.
LaTeX Font Info:    ... okay on input line 27.
LaTeX Info: Redefining \. on input line 27.
LaTeX Info: Redefining \% on input line 27.

("C:\Users\USUARIO\AppData\Local\Programs\MiKTeX 2.9\tex/context/base/mkii\supp
-pdf.mkii"
[Loading MPS to PDF converter (version 2006.09.02).]
\scratchcounter=\count281
\scratchdimen=\dimen192
\scratchbox=\box68
\nofMPsegments=\count282
\nofMParguments=\count283
\everyMPshowfont=\toks34
\MPscratchCnt=\count284
\MPscratchDim=\dimen193
\MPnumerator=\count285
\makeMPintoPDFobject=\count286
\everyMPtoPDFconversion=\toks35
)
("C:\Users\USUARIO\AppData\Local\Programs\MiKTeX 2.9\tex/latex/epstopdf-pkg\eps
topdf-base.sty"
Package: epstopdf-base 2020-01-24 v2.11 Base part for package epstopdf
Package epstopdf-base Info: Redefining graphics rule for `.eps' on input line 4
85.
) ABD: EveryShipout initializing macros
\AtBeginShipoutBox=\box69
Package hyperref Info: Link coloring OFF on input line 27.

("C:\Users\USUARIO\AppData\Local\Programs\MiKTeX 2.9\tex/latex/hyperref\nameref
.sty"
Package: nameref 2019/09/16 v2.46 Cross-referencing by name of section

("C:\Users\USUARIO\AppData\Local\Programs\MiKTeX 2.9\tex/latex/refcount\refcoun
t.sty"
Package: refcount 2019/12/15 v3.6 Data extraction from label references (HO)
)
("C:\Users\USUARIO\AppData\Local\Programs\MiKTeX 2.9\tex/generic/gettitlestring
\gettitlestring.sty"
Package: gettitlestring 2019/12/15 v1.6 Cleanup title references (HO)
)
\c@section@level=\count287
)
LaTeX Info: Redefining \ref on input line 27.
LaTeX Info: Redefining \pageref on input line 27.
LaTeX Info: Redefining \nameref on input line 27.
\@outlinefile=\write6
\openout6 = `Guia_SIG.out'.

<G:/Mi Unidad/ADMINISTRATIVA/logos/unal2.png, id=6, 340.27126pt x 149.55875pt>
File: G:/Mi Unidad/ADMINISTRATIVA/logos/unal2.png Graphic file (type png)
<use G:/Mi Unidad/ADMINISTRATIVA/logos/unal2.png>
Package pdftex.def Info: G:/Mi Unidad/ADMINISTRATIVA/logos/unal2.png  used on i
nput line 29.
(pdftex.def)             Requested size: 284.52756pt x 125.0648pt.
LaTeX Font Info:    External font `cmex10' loaded for size
(Font)              <12> on input line 29.
LaTeX Font Info:    External font `cmex10' loaded for size
(Font)              <8> on input line 29.
LaTeX Font Info:    External font `cmex10' loaded for size
(Font)              <6> on input line 29.
LaTeX Font Info:    External font `cmex10' loaded for size
(Font)              <10.95> on input line 33.
 [1

{C:/Users/USUARIO/AppData/Local/MiKTeX/2.9/pdftex/config/pdftex.map} <G:/Mi Uni
dad/ADMINISTRATIVA/logos/unal2.png>]

Package Fancyhdr Warning: \headheight is too small (12.0pt): 
Make it at least 13.59999pt.
We now make it that large for the rest of the document.
This may cause the page layout to be inconsistent, however.

[2] [3]
<G:/Mi Unidad/CATEDRA/ANALISIS GEOESPACIAL/fig/fill.png, id=41, 517.18219pt x 3
47.79938pt>
File: G:/Mi Unidad/CATEDRA/ANALISIS GEOESPACIAL/fig/fill.png Graphic file (type
 png)
<use G:/Mi Unidad/CATEDRA/ANALISIS GEOESPACIAL/fig/fill.png>
Package pdftex.def Info: G:/Mi Unidad/CATEDRA/ANALISIS GEOESPACIAL/fig/fill.png
  used on input line 65.
(pdftex.def)             Requested size: 398.33858pt x 267.88594pt.

Overfull \hbox (38.33858pt too wide) in paragraph at lines 65--66
 [][] 
 []

[4 <G:/Mi Unidad/CATEDRA/ANALISIS GEOESPACIAL/fig/fill.png>]
<G:/Mi Unidad/CATEDRA/ANALISIS GEOESPACIAL/fig/basin.png, id=49, 517.18219pt x 
347.79938pt>
File: G:/Mi Unidad/CATEDRA/ANALISIS GEOESPACIAL/fig/basin.png Graphic file (typ
e png)
<use G:/Mi Unidad/CATEDRA/ANALISIS GEOESPACIAL/fig/basin.png>
Package pdftex.def Info: G:/Mi Unidad/CATEDRA/ANALISIS GEOESPACIAL/fig/basin.pn
g  used on input line 79.
(pdftex.def)             Requested size: 398.33858pt x 267.88594pt.

Overfull \hbox (38.33858pt too wide) in paragraph at lines 79--80
 [][] 
 []

[5 <G:/Mi Unidad/CATEDRA/ANALISIS GEOESPACIAL/fig/basin.png>]

Package hyperref Warning: Glyph not defined in PD1 encoding,
(hyperref)                removing `\textasciiacute' on input line 88.


Underfull \hbox (badness 10000) in paragraph at lines 90--92

 []


Overfull \hbox (3.5222pt too wide) in paragraph at lines 106--107
[]\OT1/cmr/m/n/10.95 Ingrese al Earth Ex-plo-rer de la USGS ([]$\OT1/cmtt/m/n/1
0.95 https : / / earthexplorer . usgs .
 []

[6]
Overfull \hbox (4.05753pt too wide) in paragraph at lines 110--111
[]\OT1/cmr/m/n/10.95 Seleccione en la par-te iz-quier-da su-pe-rior la pes-ta~n
a de-no-mi-na-da \Search
 []

<G:/Mi Unidad/CATEDRA/ANALISIS GEOESPACIAL/fig/usgs.png, id=69, 443.475pt x 249
.3315pt>
File: G:/Mi Unidad/CATEDRA/ANALISIS GEOESPACIAL/fig/usgs.png Graphic file (type
 png)
<use G:/Mi Unidad/CATEDRA/ANALISIS GEOESPACIAL/fig/usgs.png>
Package pdftex.def Info: G:/Mi Unidad/CATEDRA/ANALISIS GEOESPACIAL/fig/usgs.png
  used on input line 115.
(pdftex.def)             Requested size: 398.33858pt x 223.95494pt.

Overfull \hbox (38.33858pt too wide) in paragraph at lines 115--116
 [][] 
 []

[7 <G:/Mi Unidad/CATEDRA/ANALISIS GEOESPACIAL/fig/usgs.png>]
<G:/Mi Unidad/CATEDRA/ANALISIS GEOESPACIAL/fig/usgs2.png, id=75, 1445.4pt x 813
.0375pt>
File: G:/Mi Unidad/CATEDRA/ANALISIS GEOESPACIAL/fig/usgs2.png Graphic file (typ
e png)
<use G:/Mi Unidad/CATEDRA/ANALISIS GEOESPACIAL/fig/usgs2.png>
Package pdftex.def Info: G:/Mi Unidad/CATEDRA/ANALISIS GEOESPACIAL/fig/usgs2.pn
g  used on input line 127.
(pdftex.def)             Requested size: 341.43306pt x 192.0563pt.
<G:/Mi Unidad/CATEDRA/ANALISIS GEOESPACIAL/fig/usgs3.png, id=76, 1445.4pt x 813
.0375pt>
File: G:/Mi Unidad/CATEDRA/ANALISIS GEOESPACIAL/fig/usgs3.png Graphic file (typ
e png)
<use G:/Mi Unidad/CATEDRA/ANALISIS GEOESPACIAL/fig/usgs3.png>
Package pdftex.def Info: G:/Mi Unidad/CATEDRA/ANALISIS GEOESPACIAL/fig/usgs3.pn
g  used on input line 136.
(pdftex.def)             Requested size: 341.43306pt x 192.0563pt.
 [8 <G:/Mi Unidad/CATEDRA/ANALISIS GEOESPACIAL/fig/usgs2.png>] [9 <G:/Mi Unidad
/CATEDRA/ANALISIS GEOESPACIAL/fig/usgs3.png>]
<G:/Mi Unidad/CATEDRA/ANALISIS GEOESPACIAL/fig/sentinel.png, id=89, 231.86626pt
 x 240.9pt>
File: G:/Mi Unidad/CATEDRA/ANALISIS GEOESPACIAL/fig/sentinel.png Graphic file (
type png)
<use G:/Mi Unidad/CATEDRA/ANALISIS GEOESPACIAL/fig/sentinel.png>
Package pdftex.def Info: G:/Mi Unidad/CATEDRA/ANALISIS GEOESPACIAL/fig/sentinel
.png  used on input line 158.
(pdftex.def)             Requested size: 227.62204pt x 236.49574pt.
<G:/Mi Unidad/CATEDRA/ANALISIS GEOESPACIAL/fig/sentinel2.jpg, id=90, 766.36313p
t x 518.6878pt>
File: G:/Mi Unidad/CATEDRA/ANALISIS GEOESPACIAL/fig/sentinel2.jpg Graphic file 
(type jpg)
<use G:/Mi Unidad/CATEDRA/ANALISIS GEOESPACIAL/fig/sentinel2.jpg>
Package pdftex.def Info: G:/Mi Unidad/CATEDRA/ANALISIS GEOESPACIAL/fig/sentinel
2.jpg  used on input line 166.
(pdftex.def)             Requested size: 341.43306pt x 231.0884pt.
 [10 <G:/Mi Unidad/CATEDRA/ANALISIS GEOESPACIAL/fig/sentinel.png>]
<G:/Mi Unidad/CATEDRA/ANALISIS GEOESPACIAL/fig/plugin.png, id=96, 341.1144pt x 
199.4652pt>
File: G:/Mi Unidad/CATEDRA/ANALISIS GEOESPACIAL/fig/plugin.png Graphic file (ty
pe png)
<use G:/Mi Unidad/CATEDRA/ANALISIS GEOESPACIAL/fig/plugin.png>
Package pdftex.def Info: G:/Mi Unidad/CATEDRA/ANALISIS GEOESPACIAL/fig/plugin.p
ng  used on input line 179.
(pdftex.def)             Requested size: 341.43306pt x 199.66254pt.
<G:/Mi Unidad/CATEDRA/ANALISIS GEOESPACIAL/fig/plugin2.png, id=97, 2056.68375pt
 x 578.16pt>
File: G:/Mi Unidad/CATEDRA/ANALISIS GEOESPACIAL/fig/plugin2.png Graphic file (t
ype png)
<use G:/Mi Unidad/CATEDRA/ANALISIS GEOESPACIAL/fig/plugin2.png>
Package pdftex.def Info: G:/Mi Unidad/CATEDRA/ANALISIS GEOESPACIAL/fig/plugin2.
png  used on input line 184.
(pdftex.def)             Requested size: 341.43306pt x 95.97453pt.
<G:/Mi Unidad/CATEDRA/ANALISIS GEOESPACIAL/fig/plugin3.png, id=98, 2056.68375pt
 x 578.16pt>
File: G:/Mi Unidad/CATEDRA/ANALISIS GEOESPACIAL/fig/plugin3.png Graphic file (t
ype png)
<use G:/Mi Unidad/CATEDRA/ANALISIS GEOESPACIAL/fig/plugin3.png>
Package pdftex.def Info: G:/Mi Unidad/CATEDRA/ANALISIS GEOESPACIAL/fig/plugin3.
png  used on input line 191.
(pdftex.def)             Requested size: 341.43306pt x 95.97453pt.
 [11 <G:/Mi Unidad/CATEDRA/ANALISIS GEOESPACIAL/fig/sentinel2.jpg>] [12 <G:/Mi 
Unidad/CATEDRA/ANALISIS GEOESPACIAL/fig/plugin.png> <G:/Mi Unidad/CATEDRA/ANALI
SIS GEOESPACIAL/fig/plugin2.png> <G:/Mi Unidad/CATEDRA/ANALISIS GEOESPACIAL/fig
/plugin3.png>]
<G:/Mi Unidad/CATEDRA/ANALISIS GEOESPACIAL/fig/qgis2.png, id=109, 2056.68375pt 
x 578.16pt>
File: G:/Mi Unidad/CATEDRA/ANALISIS GEOESPACIAL/fig/qgis2.png Graphic file (typ
e png)
<use G:/Mi Unidad/CATEDRA/ANALISIS GEOESPACIAL/fig/qgis2.png>
Package pdftex.def Info: G:/Mi Unidad/CATEDRA/ANALISIS GEOESPACIAL/fig/qgis2.pn
g  used on input line 199.
(pdftex.def)             Requested size: 341.43306pt x 95.97453pt.
<G:/Mi Unidad/CATEDRA/ANALISIS GEOESPACIAL/fig/qgis3.png, id=110, 2056.68375pt 
x 578.16pt>
File: G:/Mi Unidad/CATEDRA/ANALISIS GEOESPACIAL/fig/qgis3.png Graphic file (typ
e png)
<use G:/Mi Unidad/CATEDRA/ANALISIS GEOESPACIAL/fig/qgis3.png>
Package pdftex.def Info: G:/Mi Unidad/CATEDRA/ANALISIS GEOESPACIAL/fig/qgis3.pn
g  used on input line 206.
(pdftex.def)             Requested size: 341.43306pt x 95.97453pt.
<G:/Mi Unidad/CATEDRA/ANALISIS GEOESPACIAL/fig/qgis4.png, id=111, 2056.68375pt 
x 578.16pt>
File: G:/Mi Unidad/CATEDRA/ANALISIS GEOESPACIAL/fig/qgis4.png Graphic file (typ
e png)
<use G:/Mi Unidad/CATEDRA/ANALISIS GEOESPACIAL/fig/qgis4.png>
Package pdftex.def Info: G:/Mi Unidad/CATEDRA/ANALISIS GEOESPACIAL/fig/qgis4.pn
g  used on input line 213.
(pdftex.def)             Requested size: 341.43306pt x 95.97453pt.
 [13 <G:/Mi Unidad/CATEDRA/ANALISIS GEOESPACIAL/fig/qgis2.png> <G:/Mi Unidad/CA
TEDRA/ANALISIS GEOESPACIAL/fig/qgis3.png>] [14 <G:/Mi Unidad/CATEDRA/ANALISIS G
EOESPACIAL/fig/qgis4.png>]
<G:/Mi Unidad/CATEDRA/ANALISIS GEOESPACIAL/fig/qgis5.png, id=123, 2056.68375pt 
x 578.16pt>
File: G:/Mi Unidad/CATEDRA/ANALISIS GEOESPACIAL/fig/qgis5.png Graphic file (typ
e png)
<use G:/Mi Unidad/CATEDRA/ANALISIS GEOESPACIAL/fig/qgis5.png>
Package pdftex.def Info: G:/Mi Unidad/CATEDRA/ANALISIS GEOESPACIAL/fig/qgis5.pn
g  used on input line 236.
(pdftex.def)             Requested size: 341.43306pt x 95.97453pt.
<G:/Mi Unidad/CATEDRA/ANALISIS GEOESPACIAL/fig/qgis7.png, id=124, 2056.68375pt 
x 578.16pt>
File: G:/Mi Unidad/CATEDRA/ANALISIS GEOESPACIAL/fig/qgis7.png Graphic file (typ
e png)
<use G:/Mi Unidad/CATEDRA/ANALISIS GEOESPACIAL/fig/qgis7.png>
Package pdftex.def Info: G:/Mi Unidad/CATEDRA/ANALISIS GEOESPACIAL/fig/qgis7.pn
g  used on input line 238.
(pdftex.def)             Requested size: 341.43306pt x 95.97453pt.

Overfull \hbox (14.76308pt too wide) in paragraph at lines 243--244
[]\OT1/cmr/m/n/10.95 Los pro-duc-tos dis-po-ni-bles del Land-sat L1T estan ra-
diometri-ca y geometri-
 []

[15 <G:/Mi Unidad/CATEDRA/ANALISIS GEOESPACIAL/fig/qgis5.png> <G:/Mi Unidad/CAT
EDRA/ANALISIS GEOESPACIAL/fig/qgis7.png>]
<G:/Mi Unidad/CATEDRA/ANALISIS GEOESPACIAL/fig/qgis6.png, id=130, 2056.68375pt 
x 578.16pt>
File: G:/Mi Unidad/CATEDRA/ANALISIS GEOESPACIAL/fig/qgis6.png Graphic file (typ
e png)
<use G:/Mi Unidad/CATEDRA/ANALISIS GEOESPACIAL/fig/qgis6.png>
Package pdftex.def Info: G:/Mi Unidad/CATEDRA/ANALISIS GEOESPACIAL/fig/qgis6.pn
g  used on input line 251.
(pdftex.def)             Requested size: 341.43306pt x 95.97453pt.
<G:/Mi Unidad/CATEDRA/ANALISIS GEOESPACIAL/fig/qgis8.png, id=131, 2056.68375pt 
x 578.16pt>
File: G:/Mi Unidad/CATEDRA/ANALISIS GEOESPACIAL/fig/qgis8.png Graphic file (typ
e png)
<use G:/Mi Unidad/CATEDRA/ANALISIS GEOESPACIAL/fig/qgis8.png>
Package pdftex.def Info: G:/Mi Unidad/CATEDRA/ANALISIS GEOESPACIAL/fig/qgis8.pn
g  used on input line 263.
(pdftex.def)             Requested size: 341.43306pt x 95.97453pt.
<G:/Mi Unidad/CATEDRA/ANALISIS GEOESPACIAL/fig/tool.png, id=132, 469.2732pt x 1
06.9596pt>
File: G:/Mi Unidad/CATEDRA/ANALISIS GEOESPACIAL/fig/tool.png Graphic file (type
 png)
<use G:/Mi Unidad/CATEDRA/ANALISIS GEOESPACIAL/fig/tool.png>
Package pdftex.def Info: G:/Mi Unidad/CATEDRA/ANALISIS GEOESPACIAL/fig/tool.png
  used on input line 271.
(pdftex.def)             Requested size: 341.43306pt x 77.82361pt.
<G:/Mi Unidad/CATEDRA/ANALISIS GEOESPACIAL/fig/tool2.png, id=133, 2056.68375pt 
x 578.16pt>
File: G:/Mi Unidad/CATEDRA/ANALISIS GEOESPACIAL/fig/tool2.png Graphic file (typ
e png)
<use G:/Mi Unidad/CATEDRA/ANALISIS GEOESPACIAL/fig/tool2.png>
Package pdftex.def Info: G:/Mi Unidad/CATEDRA/ANALISIS GEOESPACIAL/fig/tool2.pn
g  used on input line 276.
(pdftex.def)             Requested size: 341.43306pt x 95.97453pt.
 [16 <G:/Mi Unidad/CATEDRA/ANALISIS GEOESPACIAL/fig/qgis6.png> <G:/Mi Unidad/CA
TEDRA/ANALISIS GEOESPACIAL/fig/qgis8.png>]
<G:/Mi Unidad/CATEDRA/ANALISIS GEOESPACIAL/fig/layer.png, id=140, 2056.68375pt 
x 578.16pt>
File: G:/Mi Unidad/CATEDRA/ANALISIS GEOESPACIAL/fig/layer.png Graphic file (typ
e png)
<use G:/Mi Unidad/CATEDRA/ANALISIS GEOESPACIAL/fig/layer.png>
Package pdftex.def Info: G:/Mi Unidad/CATEDRA/ANALISIS GEOESPACIAL/fig/layer.pn
g  used on input line 295.
(pdftex.def)             Requested size: 341.43306pt x 95.97453pt.
 [17 <G:/Mi Unidad/CATEDRA/ANALISIS GEOESPACIAL/fig/tool.png> <G:/Mi Unidad/CAT
EDRA/ANALISIS GEOESPACIAL/fig/tool2.png>] [18 <G:/Mi Unidad/CATEDRA/ANALISIS GE
OESPACIAL/fig/layer.png>]
<G:/Mi Unidad/CATEDRA/ANALISIS GEOESPACIAL/fig/kmeans2.png, id=153, 443.8035pt 
x 277.254pt>
File: G:/Mi Unidad/CATEDRA/ANALISIS GEOESPACIAL/fig/kmeans2.png Graphic file (t
ype png)
<use G:/Mi Unidad/CATEDRA/ANALISIS GEOESPACIAL/fig/kmeans2.png>
Package pdftex.def Info: G:/Mi Unidad/CATEDRA/ANALISIS GEOESPACIAL/fig/kmeans2.
png  used on input line 328.
(pdftex.def)             Requested size: 341.43306pt x 213.30855pt.
 [19 <G:/Mi Unidad/CATEDRA/ANALISIS GEOESPACIAL/fig/kmeans2.png>]
<G:/Mi Unidad/CATEDRA/ANALISIS GEOESPACIAL/fig/training2.jpg, id=161, 225.84375
pt x 362.85562pt>
File: G:/Mi Unidad/CATEDRA/ANALISIS GEOESPACIAL/fig/training2.jpg Graphic file 
(type jpg)
<use G:/Mi Unidad/CATEDRA/ANALISIS GEOESPACIAL/fig/training2.jpg>
Package pdftex.def Info: G:/Mi Unidad/CATEDRA/ANALISIS GEOESPACIAL/fig/training
2.jpg  used on input line 348.
(pdftex.def)             Requested size: 170.71652pt x 274.30037pt.
 [20]
<G:/Mi Unidad/CATEDRA/ANALISIS GEOESPACIAL/fig/roi.jpg, id=168, 154.32657pt x 3
3.12375pt>
File: G:/Mi Unidad/CATEDRA/ANALISIS GEOESPACIAL/fig/roi.jpg Graphic file (type 
jpg)
<use G:/Mi Unidad/CATEDRA/ANALISIS GEOESPACIAL/fig/roi.jpg>
Package pdftex.def Info: G:/Mi Unidad/CATEDRA/ANALISIS GEOESPACIAL/fig/roi.jpg 
 used on input line 355.
(pdftex.def)             Requested size: 170.71652pt x 36.64445pt.
<G:/Mi Unidad/CATEDRA/ANALISIS GEOESPACIAL/fig/roi2.jpg, id=169, 602.25pt x 310
.15875pt>
File: G:/Mi Unidad/CATEDRA/ANALISIS GEOESPACIAL/fig/roi2.jpg Graphic file (type
 jpg)
<use G:/Mi Unidad/CATEDRA/ANALISIS GEOESPACIAL/fig/roi2.jpg>
Package pdftex.def Info: G:/Mi Unidad/CATEDRA/ANALISIS GEOESPACIAL/fig/roi2.jpg
  used on input line 362.
(pdftex.def)             Requested size: 341.43306pt x 175.8458pt.
<G:/Mi Unidad/CATEDRA/ANALISIS GEOESPACIAL/fig/roi3.jpg, id=170, 225.84375pt x 
100.87688pt>
File: G:/Mi Unidad/CATEDRA/ANALISIS GEOESPACIAL/fig/roi3.jpg Graphic file (type
 jpg)
<use G:/Mi Unidad/CATEDRA/ANALISIS GEOESPACIAL/fig/roi3.jpg>
Package pdftex.def Info: G:/Mi Unidad/CATEDRA/ANALISIS GEOESPACIAL/fig/roi3.jpg
  used on input line 369.
(pdftex.def)             Requested size: 227.62204pt x 101.67702pt.
<G:/Mi Unidad/CATEDRA/ANALISIS GEOESPACIAL/fig/roi4.jpg, id=171, 225.84375pt x 
141.52875pt>
File: G:/Mi Unidad/CATEDRA/ANALISIS GEOESPACIAL/fig/roi4.jpg Graphic file (type
 jpg)
<use G:/Mi Unidad/CATEDRA/ANALISIS GEOESPACIAL/fig/roi4.jpg>
Package pdftex.def Info: G:/Mi Unidad/CATEDRA/ANALISIS GEOESPACIAL/fig/roi4.jpg
  used on input line 374.
(pdftex.def)             Requested size: 227.62204pt x 142.65135pt.
<G:/Mi Unidad/CATEDRA/ANALISIS GEOESPACIAL/fig/roi5.jpg, id=172, 225.84375pt x 
134.75343pt>
File: G:/Mi Unidad/CATEDRA/ANALISIS GEOESPACIAL/fig/roi5.jpg Graphic file (type
 jpg)
<use G:/Mi Unidad/CATEDRA/ANALISIS GEOESPACIAL/fig/roi5.jpg>
Package pdftex.def Info: G:/Mi Unidad/CATEDRA/ANALISIS GEOESPACIAL/fig/roi5.jpg
  used on input line 379.
(pdftex.def)             Requested size: 227.62204pt x 135.8223pt.
 [21 <G:/Mi Unidad/CATEDRA/ANALISIS GEOESPACIAL/fig/training2.jpg> <G:/Mi Unida
d/CATEDRA/ANALISIS GEOESPACIAL/fig/roi.jpg>] [22 <G:/Mi Unidad/CATEDRA/ANALISIS
 GEOESPACIAL/fig/roi2.jpg> <G:/Mi Unidad/CATEDRA/ANALISIS GEOESPACIAL/fig/roi3.
jpg> <G:/Mi Unidad/CATEDRA/ANALISIS GEOESPACIAL/fig/roi4.jpg> <G:/Mi Unidad/CAT
EDRA/ANALISIS GEOESPACIAL/fig/roi5.jpg>] [23] [24] [25]
Overfull \hbox (69.35027pt too wide) in paragraph at lines 425--426
[]\OT1/cmr/m/n/10.95 Seleccione la ima-gen, opri-ma click de-re-cho \OT1/cmr/m/
it/10.95 Pro-per-ties Sim-bo-logy Strectch\TS1/cmr/m/n/10.95 \OT1/cmr/m/n/10.9
5 Histogram. 
 []

[26]
<G:/Mi Unidad/CATEDRA/ANALISIS GEOESPACIAL/fig/bands2.png, id=206, 396.7322pt x
 263.48438pt>
File: G:/Mi Unidad/CATEDRA/ANALISIS GEOESPACIAL/fig/bands2.png Graphic file (ty
pe png)
<use G:/Mi Unidad/CATEDRA/ANALISIS GEOESPACIAL/fig/bands2.png>
Package pdftex.def Info: G:/Mi Unidad/CATEDRA/ANALISIS GEOESPACIAL/fig/bands2.p
ng  used on input line 458.
(pdftex.def)             Requested size: 341.43306pt x 226.76501pt.
<G:/Mi Unidad/CATEDRA/ANALISIS GEOESPACIAL/fig/ndvi.png, id=207, 639.89063pt x 
336.50719pt>
File: G:/Mi Unidad/CATEDRA/ANALISIS GEOESPACIAL/fig/ndvi.png Graphic file (type
 png)
<use G:/Mi Unidad/CATEDRA/ANALISIS GEOESPACIAL/fig/ndvi.png>
Package pdftex.def Info: G:/Mi Unidad/CATEDRA/ANALISIS GEOESPACIAL/fig/ndvi.png
  used on input line 469.
(pdftex.def)             Requested size: 341.43306pt x 179.5546pt.
 [27 <G:/Mi Unidad/CATEDRA/ANALISIS GEOESPACIAL/fig/bands2.png>]
<G:/Mi Unidad/CATEDRA/ANALISIS GEOESPACIAL/fig/ndvi2.png, id=214, 2890.8pt x 81
3.0375pt>
File: G:/Mi Unidad/CATEDRA/ANALISIS GEOESPACIAL/fig/ndvi2.png Graphic file (typ
e png)
<use G:/Mi Unidad/CATEDRA/ANALISIS GEOESPACIAL/fig/ndvi2.png>
Package pdftex.def Info: G:/Mi Unidad/CATEDRA/ANALISIS GEOESPACIAL/fig/ndvi2.pn
g  used on input line 478.
(pdftex.def)             Requested size: 341.43306pt x 96.02194pt.
 [28 <G:/Mi Unidad/CATEDRA/ANALISIS GEOESPACIAL/fig/ndvi.png> <G:/Mi Unidad/CAT
EDRA/ANALISIS GEOESPACIAL/fig/ndvi2.png>] [29]
<G:/Mi Unidad/CATEDRA/ANALISIS GEOESPACIAL/fig/training3.png, id=228, 2890.8pt 
x 813.0375pt>
File: G:/Mi Unidad/CATEDRA/ANALISIS GEOESPACIAL/fig/training3.png Graphic file 
(type png)
<use G:/Mi Unidad/CATEDRA/ANALISIS GEOESPACIAL/fig/training3.png>
Package pdftex.def Info: G:/Mi Unidad/CATEDRA/ANALISIS GEOESPACIAL/fig/training
3.png  used on input line 503.
(pdftex.def)             Requested size: 341.43306pt x 96.02194pt.
<G:/Mi Unidad/CATEDRA/ANALISIS GEOESPACIAL/fig/training4.png, id=229, 1059.084p
t x 296.6355pt>
File: G:/Mi Unidad/CATEDRA/ANALISIS GEOESPACIAL/fig/training4.png Graphic file 
(type png)
<use G:/Mi Unidad/CATEDRA/ANALISIS GEOESPACIAL/fig/training4.png>
Package pdftex.def Info: G:/Mi Unidad/CATEDRA/ANALISIS GEOESPACIAL/fig/training
4.png  used on input line 513.
(pdftex.def)             Requested size: 341.43306pt x 95.6314pt.
 [30 <G:/Mi Unidad/CATEDRA/ANALISIS GEOESPACIAL/fig/training3.png>] [31 <G:/Mi 
Unidad/CATEDRA/ANALISIS GEOESPACIAL/fig/training4.png>]
Overfull \hbox (31.08777pt too wide) in paragraph at lines 542--549
\OT1/cmr/m/n/10.95 Desde el menu prin-ci-pal su-pe-rior de ER-DAS, va-ya a la 
pes-ta~na Fi-le\TS1/cmr/m/n/10.95 \OT1/cmr/m/n/10.95 Open\TS1/cmr/m/n/10.95 \
OT1/cmr/m/n/10.95 Raster
 []

[32]
<G:/Mi Unidad/CATEDRA/ANALISIS GEOESPACIAL/fig/erdas.png, id=249, 963.6pt x 770
.88pt>
File: G:/Mi Unidad/CATEDRA/ANALISIS GEOESPACIAL/fig/erdas.png Graphic file (typ
e png)
<use G:/Mi Unidad/CATEDRA/ANALISIS GEOESPACIAL/fig/erdas.png>
Package pdftex.def Info: G:/Mi Unidad/CATEDRA/ANALISIS GEOESPACIAL/fig/erdas.pn
g  used on input line 552.
(pdftex.def)             Requested size: 341.43306pt x 273.14088pt.

Underfull \hbox (badness 10000) in paragraph at lines 555--556

 []

<G:/Mi Unidad/CATEDRA/ANALISIS GEOESPACIAL/fig/erdas2.jpg, id=250, 346.5675pt x
 274.9545pt>
File: G:/Mi Unidad/CATEDRA/ANALISIS GEOESPACIAL/fig/erdas2.jpg Graphic file (ty
pe jpg)
<use G:/Mi Unidad/CATEDRA/ANALISIS GEOESPACIAL/fig/erdas2.jpg>
Package pdftex.def Info: G:/Mi Unidad/CATEDRA/ANALISIS GEOESPACIAL/fig/erdas2.j
pg  used on input line 561.
(pdftex.def)             Requested size: 341.43306pt x 270.88422pt.
[33 <G:/Mi Unidad/CATEDRA/ANALISIS GEOESPACIAL/fig/erdas.png>] [34 <G:/Mi Unida
d/CATEDRA/ANALISIS GEOESPACIAL/fig/erdas2.jpg>]
<G:/Mi Unidad/CATEDRA/ANALISIS GEOESPACIAL/fig/erdas3.png, id=259, 380.17032pt 
x 278.54062pt>
File: G:/Mi Unidad/CATEDRA/ANALISIS GEOESPACIAL/fig/erdas3.png Graphic file (ty
pe png)
<use G:/Mi Unidad/CATEDRA/ANALISIS GEOESPACIAL/fig/erdas3.png>
Package pdftex.def Info: G:/Mi Unidad/CATEDRA/ANALISIS GEOESPACIAL/fig/erdas3.p
ng  used on input line 576.
(pdftex.def)             Requested size: 341.43306pt x 250.16571pt.
<G:/Mi Unidad/CATEDRA/ANALISIS GEOESPACIAL/fig/erdas4.png, id=260, 290.0655pt x
 230.607pt>
File: G:/Mi Unidad/CATEDRA/ANALISIS GEOESPACIAL/fig/erdas4.png Graphic file (ty
pe png)
<use G:/Mi Unidad/CATEDRA/ANALISIS GEOESPACIAL/fig/erdas4.png>
Package pdftex.def Info: G:/Mi Unidad/CATEDRA/ANALISIS GEOESPACIAL/fig/erdas4.p
ng  used on input line 581.
(pdftex.def)             Requested size: 341.43306pt x 271.44533pt.

Underfull \hbox (badness 10000) in paragraph at lines 584--585

 []

<G:/Mi Unidad/CATEDRA/ANALISIS GEOESPACIAL/fig/erdas5.png, id=261, 963.6pt x 77
0.88pt>
File: G:/Mi Unidad/CATEDRA/ANALISIS GEOESPACIAL/fig/erdas5.png Graphic file (ty
pe png)
<use G:/Mi Unidad/CATEDRA/ANALISIS GEOESPACIAL/fig/erdas5.png>
Package pdftex.def Info: G:/Mi Unidad/CATEDRA/ANALISIS GEOESPACIAL/fig/erdas5.p
ng  used on input line 590.
(pdftex.def)             Requested size: 341.43306pt x 273.14088pt.

Underfull \hbox (badness 10000) in paragraph at lines 593--594

 []

[35] [36 <G:/Mi Unidad/CATEDRA/ANALISIS GEOESPACIAL/fig/erdas3.png> <G:/Mi Unid
ad/CATEDRA/ANALISIS GEOESPACIAL/fig/erdas4.png>]
<G:/Mi Unidad/CATEDRA/ANALISIS GEOESPACIAL/fig/color.png, id=271, 963.6pt x 770
.88pt>
File: G:/Mi Unidad/CATEDRA/ANALISIS GEOESPACIAL/fig/color.png Graphic file (typ
e png)
<use G:/Mi Unidad/CATEDRA/ANALISIS GEOESPACIAL/fig/color.png>
Package pdftex.def Info: G:/Mi Unidad/CATEDRA/ANALISIS GEOESPACIAL/fig/color.pn
g  used on input line 599.
(pdftex.def)             Requested size: 341.43306pt x 273.14088pt.

Underfull \hbox (badness 10000) in paragraph at lines 602--604

 []

[37 <G:/Mi Unidad/CATEDRA/ANALISIS GEOESPACIAL/fig/erdas5.png>] [38 <G:/Mi Unid
ad/CATEDRA/ANALISIS GEOESPACIAL/fig/color.png>] [39] [40]
<G:/Mi Unidad/CATEDRA/ANALISIS GEOESPACIAL/fig/grow.png, id=295, 963.6pt x 770.
88pt>
File: G:/Mi Unidad/CATEDRA/ANALISIS GEOESPACIAL/fig/grow.png Graphic file (type
 png)
<use G:/Mi Unidad/CATEDRA/ANALISIS GEOESPACIAL/fig/grow.png>
Package pdftex.def Info: G:/Mi Unidad/CATEDRA/ANALISIS GEOESPACIAL/fig/grow.png
  used on input line 647.
(pdftex.def)             Requested size: 341.43306pt x 273.14088pt.
<G:/Mi Unidad/CATEDRA/ANALISIS GEOESPACIAL/fig/signature.png, id=296, 368.577pt
 x 292.365pt>
File: G:/Mi Unidad/CATEDRA/ANALISIS GEOESPACIAL/fig/signature.png Graphic file 
(type png)
<use G:/Mi Unidad/CATEDRA/ANALISIS GEOESPACIAL/fig/signature.png>
Package pdftex.def Info: G:/Mi Unidad/CATEDRA/ANALISIS GEOESPACIAL/fig/signatur
e.png  used on input line 657.
(pdftex.def)             Requested size: 341.43306pt x 270.83936pt.
 [41 <G:/Mi Unidad/CATEDRA/ANALISIS GEOESPACIAL/fig/grow.png>] [42 <G:/Mi Unida
d/CATEDRA/ANALISIS GEOESPACIAL/fig/signature.png>]
<G:/Mi Unidad/CATEDRA/ANALISIS GEOESPACIAL/fig/signature2.png, id=306, 396.7322
pt x 395.22656pt>
File: G:/Mi Unidad/CATEDRA/ANALISIS GEOESPACIAL/fig/signature2.png Graphic file
 (type png)
<use G:/Mi Unidad/CATEDRA/ANALISIS GEOESPACIAL/fig/signature2.png>
Package pdftex.def Info: G:/Mi Unidad/CATEDRA/ANALISIS GEOESPACIAL/fig/signatur
e2.png  used on input line 671.
(pdftex.def)             Requested size: 341.43306pt x 340.14752pt.
<G:/Mi Unidad/CATEDRA/ANALISIS GEOESPACIAL/fig/signature3.png, id=307, 963.6pt 
x 770.88pt>
File: G:/Mi Unidad/CATEDRA/ANALISIS GEOESPACIAL/fig/signature3.png Graphic file
 (type png)
<use G:/Mi Unidad/CATEDRA/ANALISIS GEOESPACIAL/fig/signature3.png>
Package pdftex.def Info: G:/Mi Unidad/CATEDRA/ANALISIS GEOESPACIAL/fig/signatur
e3.png  used on input line 679.
(pdftex.def)             Requested size: 341.43306pt x 273.14088pt.
 [43 <G:/Mi Unidad/CATEDRA/ANALISIS GEOESPACIAL/fig/signature2.png>]
<G:/Mi Unidad/CATEDRA/ANALISIS GEOESPACIAL/fig/signature4.png, id=313, 192.72pt
 x 178.41656pt>
File: G:/Mi Unidad/CATEDRA/ANALISIS GEOESPACIAL/fig/signature4.png Graphic file
 (type png)
<use G:/Mi Unidad/CATEDRA/ANALISIS GEOESPACIAL/fig/signature4.png>
Package pdftex.def Info: G:/Mi Unidad/CATEDRA/ANALISIS GEOESPACIAL/fig/signatur
e4.png  used on input line 691.
(pdftex.def)             Requested size: 113.81102pt x 105.36285pt.
<G:/Mi Unidad/CATEDRA/ANALISIS GEOESPACIAL/fig/signature5.png, id=314, 431.3615
6pt x 587.19376pt>
File: G:/Mi Unidad/CATEDRA/ANALISIS GEOESPACIAL/fig/signature5.png Graphic file
 (type png)
<use G:/Mi Unidad/CATEDRA/ANALISIS GEOESPACIAL/fig/signature5.png>
Package pdftex.def Info: G:/Mi Unidad/CATEDRA/ANALISIS GEOESPACIAL/fig/signatur
e5.png  used on input line 696.
(pdftex.def)             Requested size: 341.43306pt x 464.79189pt.
 [44 <G:/Mi Unidad/CATEDRA/ANALISIS GEOESPACIAL/fig/signature3.png> <G:/Mi Unid
ad/CATEDRA/ANALISIS GEOESPACIAL/fig/signature4.png>] [45 <G:/Mi Unidad/CATEDRA/
ANALISIS GEOESPACIAL/fig/signature5.png>]
<G:/Mi Unidad/CATEDRA/ANALISIS GEOESPACIAL/fig/separa.png, id=324, 192.72pt x 3
67.3725pt>
File: G:/Mi Unidad/CATEDRA/ANALISIS GEOESPACIAL/fig/separa.png Graphic file (ty
pe png)
<use G:/Mi Unidad/CATEDRA/ANALISIS GEOESPACIAL/fig/separa.png>
Package pdftex.def Info: G:/Mi Unidad/CATEDRA/ANALISIS GEOESPACIAL/fig/separa.p
ng  used on input line 705.
(pdftex.def)             Requested size: 170.71652pt x 325.42453pt.
<G:/Mi Unidad/CATEDRA/ANALISIS GEOESPACIAL/fig/separa2.png, id=325, 431.36156pt
 x 535.2497pt>
File: G:/Mi Unidad/CATEDRA/ANALISIS GEOESPACIAL/fig/separa2.png Graphic file (t
ype png)
<use G:/Mi Unidad/CATEDRA/ANALISIS GEOESPACIAL/fig/separa2.png>
Package pdftex.def Info: G:/Mi Unidad/CATEDRA/ANALISIS GEOESPACIAL/fig/separa2.
png  used on input line 710.
(pdftex.def)             Requested size: 341.43306pt x 423.67567pt.
<G:/Mi Unidad/CATEDRA/ANALISIS GEOESPACIAL/fig/matrix.png, id=326, 378.66469pt 
x 235.63031pt>
File: G:/Mi Unidad/CATEDRA/ANALISIS GEOESPACIAL/fig/matrix.png Graphic file (ty
pe png)
<use G:/Mi Unidad/CATEDRA/ANALISIS GEOESPACIAL/fig/matrix.png>
Package pdftex.def Info: G:/Mi Unidad/CATEDRA/ANALISIS GEOESPACIAL/fig/matrix.p
ng  used on input line 717.
(pdftex.def)             Requested size: 341.43306pt x 212.4644pt.
<G:/Mi Unidad/CATEDRA/ANALISIS GEOESPACIAL/fig/supervised.png, id=327, 297.3609
3pt x 312.41719pt>
File: G:/Mi Unidad/CATEDRA/ANALISIS GEOESPACIAL/fig/supervised.png Graphic file
 (type png)
<use G:/Mi Unidad/CATEDRA/ANALISIS GEOESPACIAL/fig/supervised.png>
Package pdftex.def Info: G:/Mi Unidad/CATEDRA/ANALISIS GEOESPACIAL/fig/supervis
ed.png  used on input line 729.
(pdftex.def)             Requested size: 341.43306pt x 358.73828pt.
 [46] [47 <G:/Mi Unidad/CATEDRA/ANALISIS GEOESPACIAL/fig/separa.png>] [48 <G:/M
i Unidad/CATEDRA/ANALISIS GEOESPACIAL/fig/separa2.png>] [49 <G:/Mi Unidad/CATED
RA/ANALISIS GEOESPACIAL/fig/matrix.png> <G:/Mi Unidad/CATEDRA/ANALISIS GEOESPAC
IAL/fig/supervised.png>] [50]
Package atveryend Info: Empty hook `BeforeClearDocument' on input line 738.
Package atveryend Info: Empty hook `AfterLastShipout' on input line 738.
 (Guia_SIG.aux
LaTeX Info: Redefining \. on input line 24.
LaTeX Info: Redefining \% on input line 24.
)
Package atveryend Info: Executing hook `AtVeryEndDocument' on input line 738.
Package atveryend Info: Executing hook `AtEndAfterFileList' on input line 738.


Package rerunfilecheck Warning: File `Guia_SIG.out' has changed.
(rerunfilecheck)                Rerun to get outlines right
(rerunfilecheck)                or use package `bookmark'.

Package rerunfilecheck Info: Checksums for `Guia_SIG.out':
(rerunfilecheck)             Before: <no file>
(rerunfilecheck)             After:  575759AA41ACA294CE362E65A3A90727;4228.
 ) 
Here is how much of TeX's memory you used:
 20229 strings out of 482810
 422549 string characters out of 2948428
 684953 words of memory out of 3000000
 35312 multiletter control sequences out of 15000+200000
 539445 words of font info for 47 fonts, out of 3000000 for 9000
 54 hyphenation exceptions out of 8191
 59i,12n,87p,1272b,430s stack positions out of 5000i,500n,10000p,200000b,50000s
 <C:\Users\USUARIO\AppData\Local\MiKTeX\2.9\fonts/pk/ljfour/jknappen/ec/dpi60
0\tcti1095.pk> <C:\Users\USUARIO\AppData\Local\MiKTeX\2.9\fonts/pk/ljfour/jknap
pen/ec/dpi600\tcbx1200.pk> <C:\Users\USUARIO\AppData\Local\MiKTeX\2.9\fonts/pk/
ljfour/jknappen/ec/dpi600\tcrm1095.pk><C:/Users/USUARIO/AppData/Local/Programs/
MiKTeX 2.9/fonts/type1/public/amsfonts/cm/cmbx10.pfb><C:/Users/USUARIO/AppData/
Local/Programs/MiKTeX 2.9/fonts/type1/public/amsfonts/cm/cmbx12.pfb><C:/Users/U
SUARIO/AppData/Local/Programs/MiKTeX 2.9/fonts/type1/public/amsfonts/cm/cmbxti1
0.pfb><C:/Users/USUARIO/AppData/Local/Programs/MiKTeX 2.9/fonts/type1/public/am
sfonts/cm/cmr10.pfb><C:/Users/USUARIO/AppData/Local/Programs/MiKTeX 2.9/fonts/t
ype1/public/amsfonts/cm/cmr12.pfb><C:/Users/USUARIO/AppData/Local/Programs/MiKT
eX 2.9/fonts/type1/public/amsfonts/cm/cmr17.pfb><C:/Users/USUARIO/AppData/Local
/Programs/MiKTeX 2.9/fonts/type1/public/amsfonts/cm/cmr8.pfb><C:/Users/USUARIO/
AppData/Local/Programs/MiKTeX 2.9/fonts/type1/public/amsfonts/cm/cmti10.pfb><C:
/Users/USUARIO/AppData/Local/Programs/MiKTeX 2.9/fonts/type1/public/amsfonts/cm
/cmtt10.pfb>
Output written on Guia_SIG.pdf (50 pages, 24897818 bytes).
PDF statistics:
 416 PDF objects out of 1000 (max. 8388607)
 106 named destinations out of 1000 (max. 500000)
 258 words of extra memory for PDF output out of 10000 (max. 10000000)

