\BOOKMARK [1][-]{section.1}{MODELOS DE ELEVACI\323N DIGITAL}{}% 1
\BOOKMARK [2][-]{subsection.1.1}{Descargar modelos digitales de elevaci\363n}{section.1}% 2
\BOOKMARK [2][-]{subsection.1.2}{Asignar CRS planas}{section.1}% 3
\BOOKMARK [2][-]{subsection.1.3}{Llenar espacios en blanco en los modelos DEM}{section.1}% 4
\BOOKMARK [2][-]{subsection.1.4}{Clip}{section.1}% 5
\BOOKMARK [2][-]{subsection.1.5}{Fill}{section.1}% 6
\BOOKMARK [2][-]{subsection.1.6}{Strahler order}{section.1}% 7
\BOOKMARK [2][-]{subsection.1.7}{Upslope area}{section.1}% 8
\BOOKMARK [2][-]{subsection.1.8}{Drainage network and drainage basin}{section.1}% 9
\BOOKMARK [2][-]{subsection.1.9}{Generaci\363n de DTMs}{section.1}% 10
\BOOKMARK [1][-]{section.2}{TRATAMIENTO DE IM\301GENES DE SATELITALES}{}% 11
\BOOKMARK [2][-]{subsection.2.1}{Descarga}{section.2}% 12
\BOOKMARK [2][-]{subsection.2.2}{Seleccionar \341rea de inter\351s}{section.2}% 13
\BOOKMARK [2][-]{subsection.2.3}{Descarga Sentinel}{section.2}% 14
\BOOKMARK [2][-]{subsection.2.4}{Opci\363n 3: QGIS}{section.2}% 15
\BOOKMARK [2][-]{subsection.2.5}{An\341lisis exploratorio:}{section.2}% 16
\BOOKMARK [2][-]{subsection.2.6}{Crear una imagen compuesta \(stack layer\)}{section.2}% 17
\BOOKMARK [2][-]{subsection.2.7}{Convertir DN a valores de reflectancia}{section.2}% 18
\BOOKMARK [2][-]{subsection.2.8}{Recorte del \341rea de inter\351s}{section.2}% 19
\BOOKMARK [2][-]{subsection.2.9}{Combinaci\363n de bandas}{section.2}% 20
\BOOKMARK [2][-]{subsection.2.10}{TRATAMIENTO DE IM\301GENES DE SAT\311LITE}{section.2}% 21
\BOOKMARK [2][-]{subsection.2.11}{Clasificaci\363n digital no supervisada}{section.2}% 22
\BOOKMARK [3][-]{subsubsection.2.11.1}{Procedimiento en QGIS}{subsection.2.11}% 23
\BOOKMARK [3][-]{subsubsection.2.11.2}{Procedimiento en SAGA}{subsection.2.11}% 24
\BOOKMARK [2][-]{subsection.2.12}{Clasificaci\363n supervisada}{section.2}% 25
\BOOKMARK [3][-]{subsubsection.2.12.1}{Procedimiento 2 en QGIS}{subsection.2.12}% 26
\BOOKMARK [3][-]{subsubsection.2.12.2}{Procedimiento 3 en QGI}{subsection.2.12}% 27
\BOOKMARK [2][-]{subsection.2.13}{IM\301GENES DE SATELITE CON ARCGIS}{section.2}% 28
\BOOKMARK [3][-]{subsubsection.2.13.1}{An\341lisis exploratorio:}{subsection.2.13}% 29
\BOOKMARK [3][-]{subsubsection.2.13.2}{Crear una imagen compuesta con Image Analysis}{subsection.2.13}% 30
\BOOKMARK [3][-]{subsubsection.2.13.3}{Transformaci\363n de la Imagen}{subsection.2.13}% 31
\BOOKMARK [3][-]{subsubsection.2.13.4}{Uso de filtros}{subsection.2.13}% 32
\BOOKMARK [3][-]{subsubsection.2.13.5}{Combinaci\363n de bandas}{subsection.2.13}% 33
\BOOKMARK [3][-]{subsubsection.2.13.6}{Calcular NDVI}{subsection.2.13}% 34
\BOOKMARK [3][-]{subsubsection.2.13.7}{Clasificaci\363n Digital no Supervisada}{subsection.2.13}% 35
\BOOKMARK [3][-]{subsubsection.2.13.8}{Procedimiento 1 en ArcGis}{subsection.2.13}% 36
\BOOKMARK [3][-]{subsubsection.2.13.9}{Clasificaci\363n Supervisada}{subsection.2.13}% 37
\BOOKMARK [3][-]{subsubsection.2.13.10}{Ajustes}{subsection.2.13}% 38
\BOOKMARK [3][-]{subsubsection.2.13.11}{Evaluaci\363n de las signaturas creadas}{subsection.2.13}% 39
\BOOKMARK [3][-]{subsubsection.2.13.12}{Agrupaci\363n Espectral}{subsection.2.13}% 40
\BOOKMARK [2][-]{subsection.2.14}{ERDAS IMAGINE}{section.2}% 41
\BOOKMARK [2][-]{subsection.2.15}{An\341lisis de una imagen SPOT por bandas}{section.2}% 42
\BOOKMARK [3][-]{subsubsection.2.15.1}{Procedimiento:}{subsection.2.15}% 43
\BOOKMARK [2][-]{subsection.2.16}{An\341lisis de la imagen Landsat}{section.2}% 44
\BOOKMARK [3][-]{subsubsection.2.16.1}{Clasificaci\363n Digital no Supervisada}{subsection.2.16}% 45
\BOOKMARK [3][-]{subsubsection.2.16.2}{Procedimiento:}{subsection.2.16}% 46
\BOOKMARK [3][-]{subsubsection.2.16.3}{Evaluaci\363n de la clasificaci\363n}{subsection.2.16}% 47
\BOOKMARK [3][-]{subsubsection.2.16.4}{Parte II: Clasificaci\363n Supervisada}{subsection.2.16}% 48
\BOOKMARK [3][-]{subsubsection.2.16.5}{Procedimiento:}{subsection.2.16}% 49
\BOOKMARK [3][-]{subsubsection.2.16.6}{Ajustes}{subsection.2.16}% 50
\BOOKMARK [3][-]{subsubsection.2.16.7}{Evaluaci\363n de las signaturas creadas}{subsection.2.16}% 51
\BOOKMARK [3][-]{subsubsection.2.16.8}{Agrupaci\363n Espectral}{subsection.2.16}% 52
